Loading example dataset...
Loading text content...
../data/example/
example
text
label matrix shape: torch.Size([40, 8])
done.
Loading topic content...
../data/example/
example
topic
done.
Loading entity content...
../data/example/
example
entity
done.
Building graph...
Num of edges: 917
train, vali, test:  16 16 8
Transfer to be transductive.


No. 1 test.

30
30
[torch.Size([512, 10]), torch.Size([10]), torch.Size([512]), torch.Size([25, 512]), torch.Size([25, 512]), torch.Size([16, 512]), torch.Size([512, 1]), torch.Size([512, 1]), torch.Size([512, 1]), torch.Size([512, 1]), torch.Size([512, 1]), torch.Size([512, 1]), torch.Size([100, 1]), torch.Size([50, 512]), torch.Size([50]), torch.Size([100, 1]), torch.Size([50, 512]), torch.Size([50]), torch.Size([100, 1]), torch.Size([50, 512]), torch.Size([50]), torch.Size([100, 1]), torch.Size([50, 10]), torch.Size([50]), torch.Size([100, 1]), torch.Size([50, 10]), torch.Size([50]), torch.Size([100, 1]), torch.Size([50, 10]), torch.Size([50])]
Epoch: 0001 | loss: 2.2050 Ac:  18.75 P:  16.1 R:   9.2 F1:  10.4 | loss: 2.3973 Ac:   0.00 P:   0.0 R:   0.0 F1:   0.0 | time: 0.0255s
                                                                  | loss: 2.4169 Ac:   0.00 P:   0.0 R:   0.0 F1:   0.0 | time: 0.0082s
Epoch: 0002 | loss: 1.9800 Ac:  31.25 P:   8.3 R:  16.2 F1:  10.9 | loss: 2.4611 Ac:   0.00 P:   0.0 R:   0.0 F1:   0.0 | time: 0.0208s
                                                                  | loss: 2.4747 Ac:   0.00 P:   0.0 R:   0.0 F1:   0.0 | time: 0.0073s
Epoch: 0003 | loss: 2.0573 Ac:  37.50 P:  11.1 R:  25.0 F1:  15.3 | loss: 2.5165 Ac:   0.00 P:   0.0 R:   0.0 F1:   0.0 | time: 0.0200s
                                                                  | loss: 2.5396 Ac:   0.00 P:   0.0 R:   0.0 F1:   0.0 | time: 0.0071s
Epoch: 0004 | loss: 1.8018 Ac:  37.50 P:  11.5 R:  16.7 F1:  12.4 | loss: 2.5692 Ac:   0.00 P:   0.0 R:   0.0 F1:   0.0 | time: 0.0198s
                                                                  | loss: 2.6306 Ac:   0.00 P:   0.0 R:   0.0 F1:   0.0 | time: 0.0072s
Epoch: 0005 | loss: 1.5101 Ac:  50.00 P:  24.4 R:  25.0 F1:  21.2 | loss: 2.6498 Ac:   0.00 P:   0.0 R:   0.0 F1:   0.0 | time: 0.0198s
                                                                  | loss: 2.7316 Ac:  12.50 P:  12.5 R:   6.2 F1:   8.3 | time: 0.0071s
Epoch: 0006 | loss: 1.5289 Ac:  56.25 P:  19.6 R:  29.2 F1:  23.4 | loss: 2.7117 Ac:   6.25 P:  12.5 R:   6.2 F1:   8.3 | time: 0.0198s
                                                                  | loss: 2.8133 Ac:  12.50 P:  12.5 R:   6.2 F1:   8.3 | time: 0.0071s
Epoch: 0007 | loss: 1.2037 Ac:  62.50 P:  26.9 R:  37.5 F1:  30.8 | loss: 2.7546 Ac:   6.25 P:   3.1 R:   6.2 F1:   4.2 | time: 0.0195s
                                                                  | loss: 2.9078 Ac:  25.00 P:  15.6 R:  18.8 F1:  16.7 | time: 0.0062s
Epoch: 0008 | loss: 1.3397 Ac:  50.00 P:  20.0 R:  26.7 F1:  22.1 | loss: 2.7774 Ac:  31.25 P:  31.2 R:  27.1 F1:  26.7 | time: 0.0172s
                                                                  | loss: 3.0104 Ac:  37.50 P:  17.5 R:  25.0 F1:  19.6 | time: 0.0062s
Epoch: 0009 | loss: 1.0681 Ac:  68.75 P:  39.1 R:  39.6 F1:  37.8 | loss: 2.7820 Ac:  37.50 P:  30.0 R:  31.2 F1:  28.0 | time: 0.0174s
                                                                  | loss: 3.0997 Ac:  37.50 P:  17.5 R:  25.0 F1:  19.6 | time: 0.0061s
Epoch: 0010 | loss: 0.8756 Ac:  68.75 P:  50.0 R:  41.7 F1:  43.5 | loss: 2.7906 Ac:  37.50 P:  29.2 R:  31.2 F1:  27.1 | time: 0.0176s
                                                                  | loss: 3.1617 Ac:  37.50 P:  17.5 R:  25.0 F1:  19.6 | time: 0.0062s
Epoch: 0011 | loss: 0.9355 Ac:  75.00 P:  38.5 R:  45.8 F1:  41.7 | loss: 2.7823 Ac:  37.50 P:  29.2 R:  31.2 F1:  27.1 | time: 0.0174s
                                                                  | loss: 3.1998 Ac:  37.50 P:  17.5 R:  25.0 F1:  19.6 | time: 0.0066s
Epoch: 0012 | loss: 0.8237 Ac:  62.50 P:  30.0 R:  37.1 F1:  32.7 | loss: 2.7676 Ac:  37.50 P:  29.2 R:  31.2 F1:  27.1 | time: 0.0171s
                                                                  | loss: 3.2272 Ac:  37.50 P:  17.5 R:  25.0 F1:  19.6 | time: 0.0063s
Epoch: 0013 | loss: 0.5083 Ac:  87.50 P:  55.2 R:  56.2 F1:  54.0 | loss: 2.7446 Ac:  37.50 P:  29.2 R:  31.2 F1:  27.1 | time: 0.0191s
                                                                  | loss: 3.2388 Ac:  37.50 P:  17.5 R:  25.0 F1:  19.6 | time: 0.0064s
Epoch: 0014 | loss: 0.5865 Ac:  93.75 P:  60.4 R:  62.5 F1:  61.4 | loss: 2.7362 Ac:  37.50 P:  24.2 R:  31.2 F1:  24.0 | time: 0.0177s
                                                                  | loss: 3.2480 Ac:  37.50 P:  17.5 R:  25.0 F1:  19.6 | time: 0.0061s
Epoch: 0015 | loss: 0.4937 Ac:  93.75 P:  58.3 R:  62.5 F1:  60.0 | loss: 2.7403 Ac:  43.75 P:  20.0 R:  37.5 F1:  26.0 | time: 0.0170s
                                                                  | loss: 3.2695 Ac:  37.50 P:  11.2 R:  25.0 F1:  15.5 | time: 0.0062s
Epoch: 0016 | loss: 0.4272 Ac:  81.25 P:  53.3 R:  52.1 F1:  50.2 | loss: 2.7347 Ac:  43.75 P:  20.8 R:  37.5 F1:  26.5 | time: 0.0177s
                                                                  | loss: 3.2849 Ac:  37.50 P:  11.2 R:  25.0 F1:  15.5 | time: 0.0062s
Epoch: 0017 | loss: 0.3799 Ac:  87.50 P:  53.1 R:  56.2 F1:  54.5 | loss: 2.7687 Ac:  43.75 P:  20.8 R:  37.5 F1:  26.5 | time: 0.0176s
                                                                  | loss: 3.3098 Ac:  50.00 P:  23.8 R:  37.5 F1:  28.0 | time: 0.0088s
Epoch: 0018 | loss: 0.3392 Ac:  93.75 P:  71.9 R:  68.8 F1:  69.0 | loss: 2.7859 Ac:  56.25 P:  38.3 R:  45.8 F1:  39.6 | time: 0.0198s
                                                                  | loss: 3.3287 Ac:  50.00 P:  23.8 R:  37.5 F1:  28.0 | time: 0.0100s
Epoch: 0019 | loss: 0.3802 Ac:  87.50 P:  53.1 R:  56.2 F1:  54.5 | loss: 2.8121 Ac:  56.25 P:  38.3 R:  45.8 F1:  39.6 | time: 0.0216s
                                                                  | loss: 3.3803 Ac:  50.00 P:  23.8 R:  37.5 F1:  28.0 | time: 0.0072s
Epoch: 0020 | loss: 0.2981 Ac:  93.75 P:  58.3 R:  62.5 F1:  60.0 | loss: 2.8552 Ac:  56.25 P:  42.5 R:  45.8 F1:  42.1 | time: 0.0204s
                                                                  | loss: 3.4464 Ac:  50.00 P:  23.8 R:  37.5 F1:  28.0 | time: 0.0071s
Epoch: 0021 | loss: 0.1340 Ac: 100.00 P:  75.0 R:  75.0 F1:  75.0 | loss: 2.9119 Ac:  56.25 P:  42.5 R:  45.8 F1:  42.1 | time: 0.0195s
                                                                  | loss: 3.5206 Ac:  50.00 P:  23.8 R:  37.5 F1:  28.0 | time: 0.0070s
Epoch: 0022 | loss: 0.2503 Ac:  93.75 P:  70.8 R:  70.8 F1:  70.0 | loss: 2.9830 Ac:  56.25 P:  42.5 R:  45.8 F1:  42.1 | time: 0.0195s
                                                                  | loss: 3.6139 Ac:  50.00 P:  23.8 R:  37.5 F1:  28.0 | time: 0.0071s
Epoch: 0023 | loss: 0.2763 Ac:  93.75 P:  70.8 R:  70.8 F1:  70.0 | loss: 3.0462 Ac:  56.25 P:  42.5 R:  45.8 F1:  42.1 | time: 0.0310s
                                                                  | loss: 3.6996 Ac:  50.00 P:  23.8 R:  37.5 F1:  28.0 | time: 0.0081s
Epoch: 0024 | loss: 0.1982 Ac: 100.00 P:  75.0 R:  75.0 F1:  75.0 | loss: 3.1061 Ac:  56.25 P:  42.5 R:  45.8 F1:  42.1 | time: 0.0172s
                                                                  | loss: 3.7862 Ac:  50.00 P:  23.8 R:  37.5 F1:  28.0 | time: 0.0066s
Epoch: 0025 | loss: 0.1892 Ac: 100.00 P:  75.0 R:  75.0 F1:  75.0 | loss: 3.1491 Ac:  56.25 P:  42.5 R:  45.8 F1:  42.1 | time: 0.0171s
                                                                  | loss: 3.8583 Ac:  50.00 P:  23.8 R:  37.5 F1:  28.0 | time: 0.0063s
Epoch: 0026 | loss: 0.0931 Ac: 100.00 P:  75.0 R:  75.0 F1:  75.0 | loss: 3.1799 Ac:  56.25 P:  42.5 R:  45.8 F1:  42.1 | time: 0.0184s
                                                                  | loss: 3.9207 Ac:  50.00 P:  23.8 R:  37.5 F1:  28.0 | time: 0.0064s
Epoch: 0027 | loss: 0.2981 Ac:  87.50 P:  70.0 R:  64.6 F1:  65.2 | loss: 3.1928 Ac:  56.25 P:  39.6 R:  45.8 F1:  42.1 | time: 0.0178s
                                                                  | loss: 3.9444 Ac:  50.00 P:  23.8 R:  37.5 F1:  28.0 | time: 0.0062s
Epoch: 0028 | loss: 0.3078 Ac:  93.75 P:  71.9 R:  70.8 F1:  70.7 | loss: 3.1947 Ac:  56.25 P:  42.5 R:  45.8 F1:  43.8 | time: 0.0176s
                                                                  | loss: 3.9458 Ac:  50.00 P:  23.8 R:  37.5 F1:  28.0 | time: 0.0061s
Epoch: 0029 | loss: 0.1371 Ac:  93.75 P:  70.8 R:  70.8 F1:  70.0 | loss: 3.1974 Ac:  56.25 P:  42.5 R:  45.8 F1:  43.8 | time: 0.0169s
                                                                  | loss: 3.9415 Ac:  50.00 P:  23.8 R:  37.5 F1:  28.0 | time: 0.0065s
Epoch: 0030 | loss: 0.0476 Ac: 100.00 P:  75.0 R:  75.0 F1:  75.0 | loss: 3.2026 Ac:  56.25 P:  42.5 R:  45.8 F1:  43.8 | time: 0.0177s
                                                                  | loss: 3.9388 Ac:  50.00 P:  23.8 R:  37.5 F1:  28.0 | time: 0.0065s
Epoch: 0031 | loss: 0.0701 Ac: 100.00 P:  75.0 R:  75.0 F1:  75.0 | loss: 3.2177 Ac:  56.25 P:  42.5 R:  45.8 F1:  43.8 | time: 0.0177s
                                                                  | loss: 3.9415 Ac:  50.00 P:  23.8 R:  37.5 F1:  28.0 | time: 0.0066s
Epoch: 0032 | loss: 0.0828 Ac: 100.00 P:  75.0 R:  75.0 F1:  75.0 | loss: 3.2337 Ac:  56.25 P:  38.3 R:  45.8 F1:  41.2 | time: 0.0178s
                                                                  | loss: 3.9492 Ac:  50.00 P:  23.8 R:  37.5 F1:  28.0 | time: 0.0064s
Epoch: 0033 | loss: 0.0889 Ac: 100.00 P:  75.0 R:  75.0 F1:  75.0 | loss: 3.2518 Ac:  56.25 P:  38.3 R:  45.8 F1:  41.2 | time: 0.0173s
                                                                  | loss: 3.9589 Ac:  50.00 P:  23.8 R:  37.5 F1:  28.0 | time: 0.0064s
Epoch: 0034 | loss: 0.0980 Ac: 100.00 P:  75.0 R:  75.0 F1:  75.0 | loss: 3.2728 Ac:  50.00 P:  35.2 R:  39.6 F1:  35.3 | time: 0.0171s
                                                                  | loss: 3.9693 Ac:  50.00 P:  23.8 R:  37.5 F1:  28.0 | time: 0.0065s
Epoch: 0035 | loss: 0.2653 Ac:  87.50 P:  70.0 R:  64.6 F1:  65.2 | loss: 3.2924 Ac:  50.00 P:  35.2 R:  39.6 F1:  35.3 | time: 0.0184s
                                                                  | loss: 3.9767 Ac:  50.00 P:  23.8 R:  37.5 F1:  28.0 | time: 0.0062s
Epoch: 0036 | loss: 0.0714 Ac: 100.00 P:  75.0 R:  75.0 F1:  75.0 | loss: 3.3151 Ac:  50.00 P:  35.2 R:  39.6 F1:  35.3 | time: 0.0177s
                                                                  | loss: 3.9908 Ac:  50.00 P:  23.8 R:  37.5 F1:  28.0 | time: 0.0062s
Epoch: 0037 | loss: 0.0767 Ac: 100.00 P:  75.0 R:  75.0 F1:  75.0 | loss: 3.3397 Ac:  50.00 P:  39.4 R:  39.6 F1:  37.8 | time: 0.0175s
                                                                  | loss: 4.0042 Ac:  50.00 P:  23.8 R:  37.5 F1:  28.0 | time: 0.0063s
Epoch: 0038 | loss: 0.0709 Ac: 100.00 P:  75.0 R:  75.0 F1:  75.0 | loss: 3.3721 Ac:  50.00 P:  39.4 R:  39.6 F1:  37.8 | time: 0.0177s
                                                                  | loss: 4.0308 Ac:  50.00 P:  23.8 R:  37.5 F1:  28.0 | time: 0.0069s
Epoch: 0039 | loss: 0.0498 Ac: 100.00 P:  75.0 R:  75.0 F1:  75.0 | loss: 3.4032 Ac:  50.00 P:  39.4 R:  39.6 F1:  37.8 | time: 0.0178s
                                                                  | loss: 4.0535 Ac:  50.00 P:  23.8 R:  37.5 F1:  28.0 | time: 0.0071s
Epoch: 0040 | loss: 0.0601 Ac: 100.00 P:  75.0 R:  75.0 F1:  75.0 | loss: 3.4515 Ac:  50.00 P:  39.4 R:  39.6 F1:  37.8 | time: 0.0185s
                                                                  | loss: 4.1020 Ac:  50.00 P:  23.8 R:  37.5 F1:  28.0 | time: 0.0064s
Epoch: 0041 | loss: 0.0637 Ac: 100.00 P:  75.0 R:  75.0 F1:  75.0 | loss: 3.4943 Ac:  50.00 P:  39.4 R:  39.6 F1:  37.8 | time: 0.0186s
                                                                  | loss: 4.1415 Ac:  50.00 P:  23.8 R:  37.5 F1:  28.0 | time: 0.0063s
Epoch: 0042 | loss: 0.0367 Ac: 100.00 P:  75.0 R:  75.0 F1:  75.0 | loss: 3.5432 Ac:  50.00 P:  39.4 R:  39.6 F1:  37.8 | time: 0.0187s
                                                                  | loss: 4.1858 Ac:  50.00 P:  23.8 R:  37.5 F1:  28.0 | time: 0.0069s
Epoch: 0043 | loss: 0.0737 Ac: 100.00 P:  75.0 R:  75.0 F1:  75.0 | loss: 3.5926 Ac:  50.00 P:  39.4 R:  39.6 F1:  37.8 | time: 0.0175s
                                                                  | loss: 4.2169 Ac:  50.00 P:  23.8 R:  37.5 F1:  28.0 | time: 0.0067s
Epoch: 0044 | loss: 0.0346 Ac: 100.00 P:  75.0 R:  75.0 F1:  75.0 | loss: 3.6421 Ac:  50.00 P:  39.4 R:  39.6 F1:  37.8 | time: 0.0175s
                                                                  | loss: 4.2501 Ac:  50.00 P:  23.8 R:  37.5 F1:  28.0 | time: 0.0062s
Epoch: 0045 | loss: 0.0266 Ac: 100.00 P:  75.0 R:  75.0 F1:  75.0 | loss: 3.6850 Ac:  50.00 P:  39.4 R:  39.6 F1:  37.8 | time: 0.0177s
                                                                  | loss: 4.2742 Ac:  50.00 P:  23.8 R:  37.5 F1:  28.0 | time: 0.0063s
Epoch: 0046 | loss: 0.0261 Ac: 100.00 P:  75.0 R:  75.0 F1:  75.0 | loss: 3.7241 Ac:  50.00 P:  39.4 R:  39.6 F1:  37.8 | time: 0.0181s
                                                                  | loss: 4.2946 Ac:  50.00 P:  23.8 R:  37.5 F1:  28.0 | time: 0.0061s
Epoch: 0047 | loss: 0.1343 Ac:  93.75 P:  71.9 R:  68.8 F1:  69.0 | loss: 3.7344 Ac:  50.00 P:  39.4 R:  39.6 F1:  37.8 | time: 0.0177s
                                                                  | loss: 4.2631 Ac:  50.00 P:  23.8 R:  37.5 F1:  28.0 | time: 0.0069s
Epoch: 0048 | loss: 0.0464 Ac: 100.00 P:  75.0 R:  75.0 F1:  75.0 | loss: 3.7462 Ac:  50.00 P:  39.4 R:  39.6 F1:  37.8 | time: 0.0175s
                                                                  | loss: 4.2392 Ac:  50.00 P:  23.8 R:  37.5 F1:  28.0 | time: 0.0062s
Epoch: 0049 | loss: 0.0286 Ac: 100.00 P:  75.0 R:  75.0 F1:  75.0 | loss: 3.7590 Ac:  50.00 P:  33.1 R:  39.6 F1:  35.7 | time: 0.0173s
                                                                  | loss: 4.2235 Ac:  50.00 P:  23.8 R:  37.5 F1:  28.0 | time: 0.0065s
Epoch: 0050 | loss: 0.1086 Ac:  93.75 P:  70.8 R:  70.8 F1:  70.0 | loss: 3.7709 Ac:  50.00 P:  33.1 R:  39.6 F1:  35.7 | time: 0.0184s
                                                                  | loss: 4.2102 Ac:  50.00 P:  23.8 R:  37.5 F1:  28.0 | time: 0.0062s
Epoch: 0051 | loss: 0.0466 Ac: 100.00 P:  75.0 R:  75.0 F1:  75.0 | loss: 3.7844 Ac:  50.00 P:  33.1 R:  39.6 F1:  35.7 | time: 0.0178s
                                                                  | loss: 4.2121 Ac:  50.00 P:  23.8 R:  37.5 F1:  28.0 | time: 0.0071s
Epoch: 0052 | loss: 0.0918 Ac:  93.75 P:  68.8 R:  70.8 F1:  68.3 | loss: 3.8052 Ac:  50.00 P:  39.4 R:  39.6 F1:  37.8 | time: 0.0176s
                                                                  | loss: 4.2258 Ac:  50.00 P:  23.8 R:  37.5 F1:  28.0 | time: 0.0069s
Epoch: 0053 | loss: 0.0170 Ac: 100.00 P:  75.0 R:  75.0 F1:  75.0 | loss: 3.8284 Ac:  50.00 P:  39.4 R:  39.6 F1:  37.8 | time: 0.0174s
                                                                  | loss: 4.2479 Ac:  50.00 P:  23.8 R:  37.5 F1:  28.0 | time: 0.0062s
Epoch: 0054 | loss: 0.0231 Ac: 100.00 P:  75.0 R:  75.0 F1:  75.0 | loss: 3.8523 Ac:  50.00 P:  39.4 R:  39.6 F1:  37.8 | time: 0.0181s
                                                                  | loss: 4.2760 Ac:  50.00 P:  23.8 R:  37.5 F1:  28.0 | time: 0.0064s
Epoch: 0055 | loss: 0.0095 Ac: 100.00 P:  75.0 R:  75.0 F1:  75.0 | loss: 3.8765 Ac:  50.00 P:  39.4 R:  39.6 F1:  37.8 | time: 0.0186s
                                                                  | loss: 4.3066 Ac:  50.00 P:  23.8 R:  37.5 F1:  28.0 | time: 0.0062s
Epoch: 0056 | loss: 0.0265 Ac: 100.00 P:  75.0 R:  75.0 F1:  75.0 | loss: 3.8976 Ac:  50.00 P:  39.4 R:  39.6 F1:  37.8 | time: 0.0178s
                                                                  | loss: 4.3381 Ac:  50.00 P:  23.8 R:  37.5 F1:  28.0 | time: 0.0068s
Epoch: 0057 | loss: 0.0248 Ac: 100.00 P:  75.0 R:  75.0 F1:  75.0 | loss: 3.9191 Ac:  50.00 P:  39.4 R:  39.6 F1:  37.8 | time: 0.0178s
                                                                  | loss: 4.3690 Ac:  50.00 P:  23.8 R:  37.5 F1:  28.0 | time: 0.0064s
Epoch: 0058 | loss: 0.0101 Ac: 100.00 P:  75.0 R:  75.0 F1:  75.0 | loss: 3.9398 Ac:  50.00 P:  39.4 R:  39.6 F1:  37.8 | time: 0.0184s
                                                                  | loss: 4.3983 Ac:  50.00 P:  23.8 R:  37.5 F1:  28.0 | time: 0.0061s
Epoch: 0059 | loss: 0.0379 Ac: 100.00 P:  75.0 R:  75.0 F1:  75.0 | loss: 3.9298 Ac:  50.00 P:  39.4 R:  39.6 F1:  37.8 | time: 0.0176s
                                                                  | loss: 4.4013 Ac:  50.00 P:  23.8 R:  37.5 F1:  28.0 | time: 0.0061s
Epoch: 0060 | loss: 0.0387 Ac: 100.00 P:  75.0 R:  75.0 F1:  75.0 | loss: 3.9212 Ac:  50.00 P:  39.4 R:  39.6 F1:  37.8 | time: 0.0175s
                                                                  | loss: 4.4144 Ac:  50.00 P:  23.8 R:  37.5 F1:  28.0 | time: 0.0067s
Epoch: 0061 | loss: 0.0229 Ac: 100.00 P:  75.0 R:  75.0 F1:  75.0 | loss: 3.9091 Ac:  50.00 P:  39.4 R:  39.6 F1:  37.8 | time: 0.0170s
                                                                  | loss: 4.4193 Ac:  50.00 P:  23.8 R:  37.5 F1:  28.0 | time: 0.0068s
Epoch: 0062 | loss: 0.0798 Ac:  93.75 P:  72.9 R:  68.8 F1:  69.7 | loss: 3.8987 Ac:  50.00 P:  39.4 R:  39.6 F1:  37.8 | time: 0.0179s
                                                                  | loss: 4.4330 Ac:  50.00 P:  23.8 R:  37.5 F1:  28.0 | time: 0.0063s
Epoch: 0063 | loss: 0.0208 Ac: 100.00 P:  75.0 R:  75.0 F1:  75.0 | loss: 3.8917 Ac:  50.00 P:  39.4 R:  39.6 F1:  37.8 | time: 0.0178s
                                                                  | loss: 4.4496 Ac:  50.00 P:  23.8 R:  37.5 F1:  28.0 | time: 0.0061s
Epoch: 0064 | loss: 0.0587 Ac: 100.00 P:  75.0 R:  75.0 F1:  75.0 | loss: 3.8895 Ac:  50.00 P:  39.4 R:  39.6 F1:  37.8 | time: 0.0174s
                                                                  | loss: 4.4621 Ac:  50.00 P:  23.8 R:  37.5 F1:  28.0 | time: 0.0064s
Epoch: 0065 | loss: 0.0131 Ac: 100.00 P:  75.0 R:  75.0 F1:  75.0 | loss: 3.8903 Ac:  50.00 P:  39.4 R:  39.6 F1:  37.8 | time: 0.0182s
                                                                  | loss: 4.4762 Ac:  50.00 P:  23.8 R:  37.5 F1:  28.0 | time: 0.0068s
Epoch: 0066 | loss: 0.0116 Ac: 100.00 P:  75.0 R:  75.0 F1:  75.0 | loss: 3.8906 Ac:  50.00 P:  39.4 R:  39.6 F1:  37.8 | time: 0.0169s
                                                                  | loss: 4.4865 Ac:  50.00 P:  23.8 R:  37.5 F1:  28.0 | time: 0.0068s
Epoch: 0067 | loss: 0.0177 Ac: 100.00 P:  75.0 R:  75.0 F1:  75.0 | loss: 3.8917 Ac:  50.00 P:  39.4 R:  39.6 F1:  37.8 | time: 0.0182s
                                                                  | loss: 4.4957 Ac:  50.00 P:  23.8 R:  37.5 F1:  28.0 | time: 0.0064s
Epoch: 0068 | loss: 0.0344 Ac: 100.00 P:  75.0 R:  75.0 F1:  75.0 | loss: 3.8842 Ac:  50.00 P:  39.4 R:  39.6 F1:  37.8 | time: 0.0183s
                                                                  | loss: 4.4924 Ac:  50.00 P:  23.8 R:  37.5 F1:  28.0 | time: 0.0062s
Epoch: 0069 | loss: 0.0137 Ac: 100.00 P:  75.0 R:  75.0 F1:  75.0 | loss: 3.8756 Ac:  50.00 P:  39.4 R:  39.6 F1:  37.8 | time: 0.0183s
                                                                  | loss: 4.4884 Ac:  50.00 P:  23.8 R:  37.5 F1:  28.0 | time: 0.0067s
Epoch: 0070 | loss: 0.0151 Ac: 100.00 P:  75.0 R:  75.0 F1:  75.0 | loss: 3.8691 Ac:  50.00 P:  39.4 R:  39.6 F1:  37.8 | time: 0.0181s
                                                                  | loss: 4.4840 Ac:  50.00 P:  23.8 R:  37.5 F1:  28.0 | time: 0.0068s
Epoch: 0071 | loss: 0.0146 Ac: 100.00 P:  75.0 R:  75.0 F1:  75.0 | loss: 3.8614 Ac:  50.00 P:  39.4 R:  39.6 F1:  37.8 | time: 0.0179s
                                                                  | loss: 4.4771 Ac:  50.00 P:  23.8 R:  37.5 F1:  28.0 | time: 0.0062s
Epoch: 0072 | loss: 0.0123 Ac: 100.00 P:  75.0 R:  75.0 F1:  75.0 | loss: 3.8563 Ac:  50.00 P:  39.4 R:  39.6 F1:  37.8 | time: 0.0180s
                                                                  | loss: 4.4732 Ac:  50.00 P:  23.8 R:  37.5 F1:  28.0 | time: 0.0066s
Epoch: 0073 | loss: 0.0278 Ac: 100.00 P:  75.0 R:  75.0 F1:  75.0 | loss: 3.8739 Ac:  50.00 P:  39.4 R:  39.6 F1:  37.8 | time: 0.0180s
                                                                  | loss: 4.4869 Ac:  50.00 P:  23.8 R:  37.5 F1:  28.0 | time: 0.0163s
Epoch: 0074 | loss: 0.0388 Ac: 100.00 P:  75.0 R:  75.0 F1:  75.0 | loss: 3.8942 Ac:  50.00 P:  39.4 R:  39.6 F1:  37.8 | time: 0.0183s
                                                                  | loss: 4.5007 Ac:  50.00 P:  23.8 R:  37.5 F1:  28.0 | time: 0.0064s
Epoch: 0075 | loss: 0.0269 Ac: 100.00 P:  75.0 R:  75.0 F1:  75.0 | loss: 3.9182 Ac:  50.00 P:  39.4 R:  39.6 F1:  37.8 | time: 0.0182s
                                                                  | loss: 4.5174 Ac:  50.00 P:  23.8 R:  37.5 F1:  28.0 | time: 0.0063s
Epoch: 0076 | loss: 0.0134 Ac: 100.00 P:  75.0 R:  75.0 F1:  75.0 | loss: 3.9363 Ac:  50.00 P:  39.4 R:  39.6 F1:  37.8 | time: 0.0187s
                                                                  | loss: 4.5281 Ac:  50.00 P:  23.8 R:  37.5 F1:  28.0 | time: 0.0068s
Epoch: 0077 | loss: 0.0193 Ac: 100.00 P:  75.0 R:  75.0 F1:  75.0 | loss: 3.9499 Ac:  50.00 P:  39.4 R:  39.6 F1:  37.8 | time: 0.0192s
                                                                  | loss: 4.5323 Ac:  50.00 P:  23.8 R:  37.5 F1:  28.0 | time: 0.0064s
Epoch: 0078 | loss: 0.0202 Ac: 100.00 P:  75.0 R:  75.0 F1:  75.0 | loss: 3.9590 Ac:  50.00 P:  39.4 R:  39.6 F1:  37.8 | time: 0.0183s
                                                                  | loss: 4.5314 Ac:  50.00 P:  23.8 R:  37.5 F1:  28.0 | time: 0.0066s
Epoch: 0079 | loss: 0.0254 Ac: 100.00 P:  75.0 R:  75.0 F1:  75.0 | loss: 3.9414 Ac:  50.00 P:  39.4 R:  39.6 F1:  37.8 | time: 0.0182s
                                                                  | loss: 4.4829 Ac:  50.00 P:  23.8 R:  37.5 F1:  28.0 | time: 0.0062s
Epoch: 0080 | loss: 0.0175 Ac: 100.00 P:  75.0 R:  75.0 F1:  75.0 | loss: 3.9301 Ac:  50.00 P:  39.4 R:  39.6 F1:  37.8 | time: 0.0172s
                                                                  | loss: 4.4440 Ac:  50.00 P:  23.8 R:  37.5 F1:  28.0 | time: 0.0062s
Epoch: 0081 | loss: 0.0068 Ac: 100.00 P:  75.0 R:  75.0 F1:  75.0 | loss: 3.9190 Ac:  50.00 P:  39.4 R:  39.6 F1:  37.8 | time: 0.0169s
                                                                  | loss: 4.4073 Ac:  50.00 P:  23.8 R:  37.5 F1:  28.0 | time: 0.0063s
Epoch: 0082 | loss: 0.0259 Ac: 100.00 P:  75.0 R:  75.0 F1:  75.0 | loss: 3.9205 Ac:  50.00 P:  39.4 R:  39.6 F1:  37.8 | time: 0.0176s
                                                                  | loss: 4.3898 Ac:  50.00 P:  23.8 R:  37.5 F1:  28.0 | time: 0.0066s
Epoch: 0083 | loss: 0.0058 Ac: 100.00 P:  75.0 R:  75.0 F1:  75.0 | loss: 3.9221 Ac:  50.00 P:  39.4 R:  39.6 F1:  37.8 | time: 0.0177s
                                                                  | loss: 4.3744 Ac:  50.00 P:  23.8 R:  37.5 F1:  28.0 | time: 0.0062s
Epoch: 0084 | loss: 0.0096 Ac: 100.00 P:  75.0 R:  75.0 F1:  75.0 | loss: 3.9274 Ac:  50.00 P:  39.4 R:  39.6 F1:  37.8 | time: 0.0170s
                                                                  | loss: 4.3645 Ac:  50.00 P:  23.8 R:  37.5 F1:  28.0 | time: 0.0063s
Epoch: 0085 | loss: 0.0683 Ac:  93.75 P:  72.9 R:  70.8 F1:  71.4 | loss: 3.9638 Ac:  50.00 P:  39.4 R:  39.6 F1:  37.8 | time: 0.0178s
                                                                  | loss: 4.4244 Ac:  50.00 P:  23.8 R:  37.5 F1:  28.0 | time: 0.0064s
Epoch: 0086 | loss: 0.0903 Ac:  93.75 P:  70.8 R:  70.8 F1:  70.0 | loss: 3.9642 Ac:  50.00 P:  39.4 R:  39.6 F1:  37.8 | time: 0.0178s
                                                                  | loss: 4.4473 Ac:  50.00 P:  23.8 R:  37.5 F1:  28.0 | time: 0.0062s
Epoch: 0087 | loss: 0.0202 Ac: 100.00 P:  75.0 R:  75.0 F1:  75.0 | loss: 3.9638 Ac:  50.00 P:  39.4 R:  39.6 F1:  37.8 | time: 0.0170s
                                                                  | loss: 4.4646 Ac:  50.00 P:  23.8 R:  37.5 F1:  28.0 | time: 0.0064s
Epoch: 0088 | loss: 0.0476 Ac: 100.00 P:  75.0 R:  75.0 F1:  75.0 | loss: 3.9541 Ac:  50.00 P:  39.4 R:  39.6 F1:  37.8 | time: 0.0175s
                                                                  | loss: 4.4606 Ac:  50.00 P:  23.8 R:  37.5 F1:  28.0 | time: 0.0062s
Epoch: 0089 | loss: 0.0186 Ac: 100.00 P:  75.0 R:  75.0 F1:  75.0 | loss: 3.9451 Ac:  50.00 P:  39.4 R:  39.6 F1:  37.8 | time: 0.0173s
                                                                  | loss: 4.4656 Ac:  50.00 P:  23.8 R:  37.5 F1:  28.0 | time: 0.0065s
Epoch: 0090 | loss: 0.0128 Ac: 100.00 P:  75.0 R:  75.0 F1:  75.0 | loss: 3.9399 Ac:  50.00 P:  39.4 R:  39.6 F1:  37.8 | time: 0.0177s
                                                                  | loss: 4.4746 Ac:  50.00 P:  23.8 R:  37.5 F1:  28.0 | time: 0.0066s
Epoch: 0091 | loss: 0.0130 Ac: 100.00 P:  75.0 R:  75.0 F1:  75.0 | loss: 3.9366 Ac:  50.00 P:  39.4 R:  39.6 F1:  37.8 | time: 0.0172s
                                                                  | loss: 4.4822 Ac:  50.00 P:  23.8 R:  37.5 F1:  28.0 | time: 0.0068s
Epoch: 0092 | loss: 0.0202 Ac: 100.00 P:  75.0 R:  75.0 F1:  75.0 | loss: 3.9542 Ac:  50.00 P:  39.4 R:  39.6 F1:  37.8 | time: 0.0173s
                                                                  | loss: 4.5124 Ac:  50.00 P:  23.8 R:  37.5 F1:  28.0 | time: 0.0062s
Epoch: 0093 | loss: 0.0089 Ac: 100.00 P:  75.0 R:  75.0 F1:  75.0 | loss: 3.9700 Ac:  50.00 P:  39.4 R:  39.6 F1:  37.8 | time: 0.0183s
                                                                  | loss: 4.5381 Ac:  50.00 P:  23.8 R:  37.5 F1:  28.0 | time: 0.0061s
Epoch: 0094 | loss: 0.0053 Ac: 100.00 P:  75.0 R:  75.0 F1:  75.0 | loss: 3.9846 Ac:  50.00 P:  39.4 R:  39.6 F1:  37.8 | time: 0.0178s
                                                                  | loss: 4.5598 Ac:  50.00 P:  23.8 R:  37.5 F1:  28.0 | time: 0.0063s
Epoch: 0095 | loss: 0.0772 Ac: 100.00 P:  75.0 R:  75.0 F1:  75.0 | loss: 3.9268 Ac:  50.00 P:  39.4 R:  39.6 F1:  37.8 | time: 0.0179s
                                                                  | loss: 4.4870 Ac:  50.00 P:  23.8 R:  37.5 F1:  28.0 | time: 0.0064s
Epoch: 0096 | loss: 0.0095 Ac: 100.00 P:  75.0 R:  75.0 F1:  75.0 | loss: 3.8767 Ac:  50.00 P:  39.4 R:  39.6 F1:  37.8 | time: 0.0178s
                                                                  | loss: 4.4160 Ac:  50.00 P:  23.8 R:  37.5 F1:  28.0 | time: 0.0068s
Epoch: 0097 | loss: 0.0157 Ac: 100.00 P:  75.0 R:  75.0 F1:  75.0 | loss: 3.8398 Ac:  50.00 P:  39.4 R:  39.6 F1:  37.8 | time: 0.0187s
                                                                  | loss: 4.3582 Ac:  50.00 P:  23.8 R:  37.5 F1:  28.0 | time: 0.0062s
Epoch: 0098 | loss: 0.0233 Ac: 100.00 P:  75.0 R:  75.0 F1:  75.0 | loss: 3.8019 Ac:  50.00 P:  39.4 R:  39.6 F1:  37.8 | time: 0.0180s
                                                                  | loss: 4.2699 Ac:  50.00 P:  23.8 R:  37.5 F1:  28.0 | time: 0.0061s
Epoch: 0099 | loss: 0.0032 Ac: 100.00 P:  75.0 R:  75.0 F1:  75.0 | loss: 3.7731 Ac:  50.00 P:  39.4 R:  39.6 F1:  37.8 | time: 0.0178s
                                                                  | loss: 4.1967 Ac:  50.00 P:  23.8 R:  37.5 F1:  28.0 | time: 0.0069s
Epoch: 0100 | loss: 0.0141 Ac: 100.00 P:  75.0 R:  75.0 F1:  75.0 | loss: 3.7515 Ac:  50.00 P:  39.4 R:  39.6 F1:  37.8 | time: 0.0177s
                                                                  | loss: 4.1383 Ac:  50.00 P:  23.8 R:  37.5 F1:  28.0 | time: 0.0062s
Epoch: 0101 | loss: 0.0296 Ac: 100.00 P:  75.0 R:  75.0 F1:  75.0 | loss: 3.7992 Ac:  50.00 P:  33.1 R:  39.6 F1:  35.7 | time: 0.0173s
                                                                  | loss: 4.1678 Ac:  50.00 P:  23.8 R:  37.5 F1:  28.0 | time: 0.0062s
Epoch: 0102 | loss: 0.0076 Ac: 100.00 P:  75.0 R:  75.0 F1:  75.0 | loss: 3.8461 Ac:  50.00 P:  33.1 R:  39.6 F1:  35.7 | time: 0.0173s
                                                                  | loss: 4.1994 Ac:  50.00 P:  23.8 R:  37.5 F1:  28.0 | time: 0.0062s
Epoch: 0103 | loss: 0.0159 Ac: 100.00 P:  75.0 R:  75.0 F1:  75.0 | loss: 3.8989 Ac:  50.00 P:  33.1 R:  39.6 F1:  35.7 | time: 0.0171s
                                                                  | loss: 4.2468 Ac:  50.00 P:  23.8 R:  37.5 F1:  28.0 | time: 0.0062s
Epoch: 0104 | loss: 0.0370 Ac: 100.00 P:  75.0 R:  75.0 F1:  75.0 | loss: 3.9456 Ac:  50.00 P:  33.1 R:  39.6 F1:  35.7 | time: 0.0173s
                                                                  | loss: 4.2571 Ac:  50.00 P:  23.8 R:  37.5 F1:  28.0 | time: 0.0061s
Epoch: 0105 | loss: 0.0027 Ac: 100.00 P:  75.0 R:  75.0 F1:  75.0 | loss: 3.9879 Ac:  50.00 P:  31.0 R:  39.6 F1:  34.5 | time: 0.0177s
                                                                  | loss: 4.2676 Ac:  50.00 P:  23.8 R:  37.5 F1:  28.0 | time: 0.0063s
Epoch: 0106 | loss: 0.0054 Ac: 100.00 P:  75.0 R:  75.0 F1:  75.0 | loss: 4.0249 Ac:  50.00 P:  31.0 R:  39.6 F1:  34.5 | time: 0.0184s
                                                                  | loss: 4.2759 Ac:  50.00 P:  23.8 R:  37.5 F1:  28.0 | time: 0.0063s
Epoch: 0107 | loss: 0.0074 Ac: 100.00 P:  75.0 R:  75.0 F1:  75.0 | loss: 4.0625 Ac:  50.00 P:  31.0 R:  39.6 F1:  34.5 | time: 0.0174s
                                                                  | loss: 4.2905 Ac:  50.00 P:  23.8 R:  37.5 F1:  28.0 | time: 0.0063s
Epoch: 0108 | loss: 0.0029 Ac: 100.00 P:  75.0 R:  75.0 F1:  75.0 | loss: 4.0990 Ac:  50.00 P:  31.0 R:  39.6 F1:  34.5 | time: 0.0173s
                                                                  | loss: 4.3062 Ac:  50.00 P:  23.8 R:  37.5 F1:  28.0 | time: 0.0063s
Epoch: 0109 | loss: 0.0028 Ac: 100.00 P:  75.0 R:  75.0 F1:  75.0 | loss: 4.1326 Ac:  50.00 P:  31.0 R:  39.6 F1:  34.5 | time: 0.0179s
                                                                  | loss: 4.3201 Ac:  50.00 P:  23.8 R:  37.5 F1:  28.0 | time: 0.0067s
Epoch: 0110 | loss: 0.0045 Ac: 100.00 P:  75.0 R:  75.0 F1:  75.0 | loss: 4.1631 Ac:  50.00 P:  31.0 R:  39.6 F1:  34.5 | time: 0.0208s
                                                                  | loss: 4.3326 Ac:  50.00 P:  23.8 R:  37.5 F1:  28.0 | time: 0.0062s
Epoch: 0111 | loss: 0.0034 Ac: 100.00 P:  75.0 R:  75.0 F1:  75.0 | loss: 4.1893 Ac:  50.00 P:  31.0 R:  39.6 F1:  34.5 | time: 0.0176s
                                                                  | loss: 4.3428 Ac:  50.00 P:  23.8 R:  37.5 F1:  28.0 | time: 0.0062s
Epoch: 0112 | loss: 0.0028 Ac: 100.00 P:  75.0 R:  75.0 F1:  75.0 | loss: 4.2154 Ac:  50.00 P:  31.0 R:  39.6 F1:  34.5 | time: 0.0173s
                                                                  | loss: 4.3544 Ac:  50.00 P:  23.8 R:  37.5 F1:  28.0 | time: 0.0064s
Epoch: 0113 | loss: 0.0249 Ac: 100.00 P:  75.0 R:  75.0 F1:  75.0 | loss: 4.2642 Ac:  50.00 P:  31.0 R:  39.6 F1:  34.5 | time: 0.0174s
                                                                  | loss: 4.3888 Ac:  50.00 P:  18.8 R:  37.5 F1:  25.0 | time: 0.0062s
Epoch: 0114 | loss: 0.0059 Ac: 100.00 P:  75.0 R:  75.0 F1:  75.0 | loss: 4.3087 Ac:  50.00 P:  31.0 R:  39.6 F1:  34.5 | time: 0.0174s
                                                                  | loss: 4.4207 Ac:  50.00 P:  18.8 R:  37.5 F1:  25.0 | time: 0.0062s
Epoch: 0115 | loss: 0.0017 Ac: 100.00 P:  75.0 R:  75.0 F1:  75.0 | loss: 4.3480 Ac:  50.00 P:  31.0 R:  39.6 F1:  34.5 | time: 0.0170s
                                                                  | loss: 4.4480 Ac:  50.00 P:  18.8 R:  37.5 F1:  25.0 | time: 0.0061s
Epoch: 0116 | loss: 0.0035 Ac: 100.00 P:  75.0 R:  75.0 F1:  75.0 | loss: 4.3837 Ac:  50.00 P:  31.0 R:  39.6 F1:  34.5 | time: 0.0170s
                                                                  | loss: 4.4717 Ac:  50.00 P:  18.8 R:  37.5 F1:  25.0 | time: 0.0062s
Epoch: 0117 | loss: 0.0066 Ac: 100.00 P:  75.0 R:  75.0 F1:  75.0 | loss: 4.4167 Ac:  50.00 P:  31.0 R:  39.6 F1:  34.5 | time: 0.0176s
                                                                  | loss: 4.4959 Ac:  50.00 P:  18.8 R:  37.5 F1:  25.0 | time: 0.0063s
Epoch: 0118 | loss: 0.0084 Ac: 100.00 P:  75.0 R:  75.0 F1:  75.0 | loss: 4.4464 Ac:  50.00 P:  31.0 R:  39.6 F1:  34.5 | time: 0.0180s
                                                                  | loss: 4.5194 Ac:  50.00 P:  18.8 R:  37.5 F1:  25.0 | time: 0.0062s
Epoch: 0119 | loss: 0.0310 Ac: 100.00 P:  75.0 R:  75.0 F1:  75.0 | loss: 4.4741 Ac:  50.00 P:  31.0 R:  39.6 F1:  34.5 | time: 0.0178s
                                                                  | loss: 4.5393 Ac:  50.00 P:  18.8 R:  37.5 F1:  25.0 | time: 0.0064s
Epoch: 0120 | loss: 0.0642 Ac:  93.75 P:  70.8 R:  70.8 F1:  70.0 | loss: 4.4308 Ac:  50.00 P:  31.0 R:  39.6 F1:  34.5 | time: 0.0175s
                                                                  | loss: 4.5288 Ac:  50.00 P:  18.8 R:  37.5 F1:  25.0 | time: 0.0066s
Epoch: 0121 | loss: 0.0059 Ac: 100.00 P:  75.0 R:  75.0 F1:  75.0 | loss: 4.3843 Ac:  50.00 P:  31.0 R:  39.6 F1:  34.5 | time: 0.0178s
                                                                  | loss: 4.5147 Ac:  50.00 P:  18.8 R:  37.5 F1:  25.0 | time: 0.0067s
Epoch: 0122 | loss: 0.0139 Ac: 100.00 P:  75.0 R:  75.0 F1:  75.0 | loss: 4.3351 Ac:  50.00 P:  31.0 R:  39.6 F1:  34.5 | time: 0.0175s
                                                                  | loss: 4.4968 Ac:  50.00 P:  23.8 R:  37.5 F1:  28.0 | time: 0.0062s
Epoch: 0123 | loss: 0.0760 Ac:  93.75 P:  71.9 R:  68.8 F1:  69.0 | loss: 4.3006 Ac:  50.00 P:  31.0 R:  39.6 F1:  34.5 | time: 0.0170s
                                                                  | loss: 4.4494 Ac:  50.00 P:  18.8 R:  37.5 F1:  25.0 | time: 0.0061s
Epoch: 0124 | loss: 0.0046 Ac: 100.00 P:  75.0 R:  75.0 F1:  75.0 | loss: 4.2718 Ac:  50.00 P:  31.0 R:  39.6 F1:  34.5 | time: 0.0170s
                                                                  | loss: 4.4111 Ac:  50.00 P:  18.8 R:  37.5 F1:  25.0 | time: 0.0061s
Epoch: 0125 | loss: 0.0032 Ac: 100.00 P:  75.0 R:  75.0 F1:  75.0 | loss: 4.2449 Ac:  50.00 P:  31.0 R:  39.6 F1:  34.5 | time: 0.0170s
                                                                  | loss: 4.3773 Ac:  50.00 P:  18.8 R:  37.5 F1:  25.0 | time: 0.0061s
Epoch: 0126 | loss: 0.0110 Ac: 100.00 P:  75.0 R:  75.0 F1:  75.0 | loss: 4.2232 Ac:  50.00 P:  31.0 R:  39.6 F1:  34.5 | time: 0.0169s
                                                                  | loss: 4.3514 Ac:  50.00 P:  18.8 R:  37.5 F1:  25.0 | time: 0.0067s
Epoch: 0127 | loss: 0.0442 Ac: 100.00 P:  75.0 R:  75.0 F1:  75.0 | loss: 4.2113 Ac:  50.00 P:  31.0 R:  39.6 F1:  34.5 | time: 0.0174s
                                                                  | loss: 4.3316 Ac:  50.00 P:  18.8 R:  37.5 F1:  25.0 | time: 0.0062s
Epoch: 0128 | loss: 0.0027 Ac: 100.00 P:  75.0 R:  75.0 F1:  75.0 | loss: 4.2011 Ac:  50.00 P:  31.0 R:  39.6 F1:  34.5 | time: 0.0171s
                                                                  | loss: 4.3153 Ac:  50.00 P:  18.8 R:  37.5 F1:  25.0 | time: 0.0061s
Epoch: 0129 | loss: 0.0052 Ac: 100.00 P:  75.0 R:  75.0 F1:  75.0 | loss: 4.1936 Ac:  50.00 P:  32.3 R:  39.6 F1:  35.0 | time: 0.0169s
                                                                  | loss: 4.3027 Ac:  50.00 P:  18.8 R:  37.5 F1:  25.0 | time: 0.0061s
Epoch: 0130 | loss: 0.0034 Ac: 100.00 P:  75.0 R:  75.0 F1:  75.0 | loss: 4.1883 Ac:  50.00 P:  32.3 R:  39.6 F1:  35.0 | time: 0.0172s
                                                                  | loss: 4.2940 Ac:  50.00 P:  18.8 R:  37.5 F1:  25.0 | time: 0.0063s
Epoch: 0131 | loss: 0.0067 Ac: 100.00 P:  75.0 R:  75.0 F1:  75.0 | loss: 4.1868 Ac:  50.00 P:  32.3 R:  39.6 F1:  35.0 | time: 0.0173s
                                                                  | loss: 4.2884 Ac:  50.00 P:  18.8 R:  37.5 F1:  25.0 | time: 0.0068s
Epoch: 0132 | loss: 0.0144 Ac: 100.00 P:  75.0 R:  75.0 F1:  75.0 | loss: 4.2071 Ac:  50.00 P:  32.3 R:  39.6 F1:  35.0 | time: 0.0175s
                                                                  | loss: 4.3017 Ac:  50.00 P:  18.8 R:  37.5 F1:  25.0 | time: 0.0063s
Epoch: 0133 | loss: 0.0055 Ac: 100.00 P:  75.0 R:  75.0 F1:  75.0 | loss: 4.2275 Ac:  50.00 P:  32.3 R:  39.6 F1:  35.0 | time: 0.0183s
                                                                  | loss: 4.3190 Ac:  50.00 P:  18.8 R:  37.5 F1:  25.0 | time: 0.0061s
Epoch: 0134 | loss: 0.0024 Ac: 100.00 P:  75.0 R:  75.0 F1:  75.0 | loss: 4.2438 Ac:  50.00 P:  32.3 R:  39.6 F1:  35.0 | time: 0.0175s
                                                                  | loss: 4.3331 Ac:  50.00 P:  18.8 R:  37.5 F1:  25.0 | time: 0.0061s
Epoch: 0135 | loss: 0.0130 Ac: 100.00 P:  75.0 R:  75.0 F1:  75.0 | loss: 4.3149 Ac:  50.00 P:  32.3 R:  39.6 F1:  35.0 | time: 0.0179s
                                                                  | loss: 4.3431 Ac:  50.00 P:  18.8 R:  37.5 F1:  25.0 | time: 0.0062s
Epoch: 0136 | loss: 0.0262 Ac: 100.00 P:  75.0 R:  75.0 F1:  75.0 | loss: 4.3618 Ac:  50.00 P:  32.3 R:  39.6 F1:  35.0 | time: 0.0170s
                                                                  | loss: 4.3841 Ac:  50.00 P:  18.8 R:  37.5 F1:  25.0 | time: 0.0062s
Epoch: 0137 | loss: 0.0011 Ac: 100.00 P:  75.0 R:  75.0 F1:  75.0 | loss: 4.3942 Ac:  50.00 P:  32.3 R:  39.6 F1:  35.0 | time: 0.0168s
                                                                  | loss: 4.4808 Ac:  50.00 P:  22.9 R:  37.5 F1:  27.1 | time: 0.0063s
Epoch: 0138 | loss: 0.0137 Ac: 100.00 P:  75.0 R:  75.0 F1:  75.0 | loss: 4.4233 Ac:  50.00 P:  32.3 R:  39.6 F1:  35.0 | time: 0.0178s
                                                                  | loss: 4.6086 Ac:  50.00 P:  22.9 R:  37.5 F1:  27.1 | time: 0.0061s
Epoch: 0139 | loss: 0.0034 Ac: 100.00 P:  75.0 R:  75.0 F1:  75.0 | loss: 4.4489 Ac:  50.00 P:  32.3 R:  39.6 F1:  35.0 | time: 0.0170s
                                                                  | loss: 4.7100 Ac:  50.00 P:  22.9 R:  37.5 F1:  27.1 | time: 0.0061s
Epoch: 0140 | loss: 0.0056 Ac: 100.00 P:  75.0 R:  75.0 F1:  75.0 | loss: 4.4883 Ac:  50.00 P:  32.3 R:  39.6 F1:  35.0 | time: 0.0173s
                                                                  | loss: 4.8234 Ac:  50.00 P:  22.9 R:  37.5 F1:  27.1 | time: 0.0063s
Epoch: 0141 | loss: 0.0025 Ac: 100.00 P:  75.0 R:  75.0 F1:  75.0 | loss: 4.5393 Ac:  50.00 P:  32.3 R:  39.6 F1:  35.0 | time: 0.0188s
                                                                  | loss: 4.8732 Ac:  50.00 P:  22.9 R:  37.5 F1:  27.1 | time: 0.0062s
Epoch: 0142 | loss: 0.0027 Ac: 100.00 P:  75.0 R:  75.0 F1:  75.0 | loss: 4.5888 Ac:  50.00 P:  32.3 R:  39.6 F1:  35.0 | time: 0.0175s
                                                                  | loss: 4.9023 Ac:  50.00 P:  22.9 R:  37.5 F1:  27.1 | time: 0.0063s
Epoch: 0143 | loss: 0.0109 Ac: 100.00 P:  75.0 R:  75.0 F1:  75.0 | loss: 4.6151 Ac:  50.00 P:  32.3 R:  39.6 F1:  35.0 | time: 0.0171s
                                                                  | loss: 4.9218 Ac:  50.00 P:  22.9 R:  37.5 F1:  27.1 | time: 0.0064s
Epoch: 0144 | loss: 0.0029 Ac: 100.00 P:  75.0 R:  75.0 F1:  75.0 | loss: 4.6401 Ac:  50.00 P:  32.3 R:  39.6 F1:  35.0 | time: 0.0172s
                                                                  | loss: 4.9386 Ac:  50.00 P:  22.9 R:  37.5 F1:  27.1 | time: 0.0061s
Epoch: 0145 | loss: 0.0056 Ac: 100.00 P:  75.0 R:  75.0 F1:  75.0 | loss: 4.6611 Ac:  50.00 P:  32.3 R:  39.6 F1:  35.0 | time: 0.0173s
                                                                  | loss: 4.9539 Ac:  50.00 P:  22.9 R:  37.5 F1:  27.1 | time: 0.0062s
Epoch: 0146 | loss: 0.0056 Ac: 100.00 P:  75.0 R:  75.0 F1:  75.0 | loss: 4.6887 Ac:  50.00 P:  32.3 R:  39.6 F1:  35.0 | time: 0.0176s
                                                                  | loss: 4.9772 Ac:  50.00 P:  22.9 R:  37.5 F1:  27.1 | time: 0.0064s
Epoch: 0147 | loss: 0.0063 Ac: 100.00 P:  75.0 R:  75.0 F1:  75.0 | loss: 4.7118 Ac:  50.00 P:  32.3 R:  39.6 F1:  35.0 | time: 0.0176s
                                                                  | loss: 4.9972 Ac:  50.00 P:  22.9 R:  37.5 F1:  27.1 | time: 0.0062s
Epoch: 0148 | loss: 0.0068 Ac: 100.00 P:  75.0 R:  75.0 F1:  75.0 | loss: 4.7348 Ac:  50.00 P:  32.3 R:  39.6 F1:  35.0 | time: 0.0171s
                                                                  | loss: 5.0204 Ac:  50.00 P:  22.9 R:  37.5 F1:  27.1 | time: 0.0065s
Epoch: 0149 | loss: 0.0038 Ac: 100.00 P:  75.0 R:  75.0 F1:  75.0 | loss: 4.7526 Ac:  50.00 P:  32.3 R:  39.6 F1:  35.0 | time: 0.0175s
                                                                  | loss: 5.0392 Ac:  50.00 P:  22.9 R:  37.5 F1:  27.1 | time: 0.0063s
Epoch: 0150 | loss: 0.0263 Ac: 100.00 P:  75.0 R:  75.0 F1:  75.0 | loss: 4.7755 Ac:  50.00 P:  32.3 R:  39.6 F1:  35.0 | time: 0.0176s
                                                                  | loss: 5.0635 Ac:  50.00 P:  22.9 R:  37.5 F1:  27.1 | time: 0.0061s
Epoch: 0151 | loss: 0.0056 Ac: 100.00 P:  75.0 R:  75.0 F1:  75.0 | loss: 4.7952 Ac:  50.00 P:  32.3 R:  39.6 F1:  35.0 | time: 0.0181s
                                                                  | loss: 5.0842 Ac:  50.00 P:  22.9 R:  37.5 F1:  27.1 | time: 0.0062s
Epoch: 0152 | loss: 0.0027 Ac: 100.00 P:  75.0 R:  75.0 F1:  75.0 | loss: 4.8104 Ac:  50.00 P:  32.3 R:  39.6 F1:  35.0 | time: 0.0169s
                                                                  | loss: 5.1002 Ac:  50.00 P:  22.9 R:  37.5 F1:  27.1 | time: 0.0061s
Epoch: 0153 | loss: 0.0027 Ac: 100.00 P:  75.0 R:  75.0 F1:  75.0 | loss: 4.8244 Ac:  50.00 P:  32.3 R:  39.6 F1:  35.0 | time: 0.0169s
                                                                  | loss: 5.1140 Ac:  50.00 P:  22.9 R:  37.5 F1:  27.1 | time: 0.0063s
Epoch: 0154 | loss: 0.0135 Ac: 100.00 P:  75.0 R:  75.0 F1:  75.0 | loss: 4.8350 Ac:  50.00 P:  32.3 R:  39.6 F1:  35.0 | time: 0.0174s
                                                                  | loss: 5.1216 Ac:  50.00 P:  22.9 R:  37.5 F1:  27.1 | time: 0.0065s
Epoch: 0155 | loss: 0.0070 Ac: 100.00 P:  75.0 R:  75.0 F1:  75.0 | loss: 4.8335 Ac:  50.00 P:  32.3 R:  39.6 F1:  35.0 | time: 0.0182s
                                                                  | loss: 5.1184 Ac:  50.00 P:  22.9 R:  37.5 F1:  27.1 | time: 0.0064s
Epoch: 0156 | loss: 0.0044 Ac: 100.00 P:  75.0 R:  75.0 F1:  75.0 | loss: 4.8333 Ac:  50.00 P:  32.3 R:  39.6 F1:  35.0 | time: 0.0177s
                                                                  | loss: 5.1153 Ac:  50.00 P:  22.9 R:  37.5 F1:  27.1 | time: 0.0064s
Epoch: 0157 | loss: 0.0121 Ac: 100.00 P:  75.0 R:  75.0 F1:  75.0 | loss: 4.8365 Ac:  50.00 P:  32.3 R:  39.6 F1:  35.0 | time: 0.0179s
                                                                  | loss: 5.1101 Ac:  50.00 P:  22.9 R:  37.5 F1:  27.1 | time: 0.0065s
Epoch: 0158 | loss: 0.0032 Ac: 100.00 P:  75.0 R:  75.0 F1:  75.0 | loss: 4.8391 Ac:  50.00 P:  32.3 R:  39.6 F1:  35.0 | time: 0.0178s
                                                                  | loss: 5.1051 Ac:  50.00 P:  22.9 R:  37.5 F1:  27.1 | time: 0.0068s
Epoch: 0159 | loss: 0.0011 Ac: 100.00 P:  75.0 R:  75.0 F1:  75.0 | loss: 4.8418 Ac:  50.00 P:  32.3 R:  39.6 F1:  35.0 | time: 0.0179s
                                                                  | loss: 5.1008 Ac:  50.00 P:  18.8 R:  37.5 F1:  25.0 | time: 0.0063s
Epoch: 0160 | loss: 0.0021 Ac: 100.00 P:  75.0 R:  75.0 F1:  75.0 | loss: 4.8446 Ac:  50.00 P:  32.3 R:  39.6 F1:  35.0 | time: 0.0174s
                                                                  | loss: 5.0966 Ac:  50.00 P:  18.8 R:  37.5 F1:  25.0 | time: 0.0062s
Epoch: 0161 | loss: 0.0011 Ac: 100.00 P:  75.0 R:  75.0 F1:  75.0 | loss: 4.8465 Ac:  50.00 P:  32.3 R:  39.6 F1:  35.0 | time: 0.0175s
                                                                  | loss: 5.0918 Ac:  50.00 P:  18.8 R:  37.5 F1:  25.0 | time: 0.0064s
Epoch: 0162 | loss: 0.0075 Ac: 100.00 P:  75.0 R:  75.0 F1:  75.0 | loss: 4.8473 Ac:  50.00 P:  32.3 R:  39.6 F1:  35.0 | time: 0.0184s
                                                                  | loss: 5.0861 Ac:  50.00 P:  18.8 R:  37.5 F1:  25.0 | time: 0.0064s
Epoch: 0163 | loss: 0.0009 Ac: 100.00 P:  75.0 R:  75.0 F1:  75.0 | loss: 4.8480 Ac:  50.00 P:  32.3 R:  39.6 F1:  35.0 | time: 0.0175s
                                                                  | loss: 5.0808 Ac:  50.00 P:  18.8 R:  37.5 F1:  25.0 | time: 0.0062s
Epoch: 0164 | loss: 0.0039 Ac: 100.00 P:  75.0 R:  75.0 F1:  75.0 | loss: 4.8482 Ac:  50.00 P:  32.3 R:  39.6 F1:  35.0 | time: 0.0174s
                                                                  | loss: 5.0769 Ac:  50.00 P:  18.8 R:  37.5 F1:  25.0 | time: 0.0062s
Epoch: 0165 | loss: 0.0148 Ac: 100.00 P:  75.0 R:  75.0 F1:  75.0 | loss: 4.8556 Ac:  50.00 P:  32.3 R:  39.6 F1:  35.0 | time: 0.0172s
                                                                  | loss: 5.0967 Ac:  50.00 P:  18.8 R:  37.5 F1:  25.0 | time: 0.0062s
Epoch: 0166 | loss: 0.0027 Ac: 100.00 P:  75.0 R:  75.0 F1:  75.0 | loss: 4.8627 Ac:  50.00 P:  32.3 R:  39.6 F1:  35.0 | time: 0.0173s
                                                                  | loss: 5.1160 Ac:  50.00 P:  18.8 R:  37.5 F1:  25.0 | time: 0.0064s
Epoch: 0167 | loss: 0.0020 Ac: 100.00 P:  75.0 R:  75.0 F1:  75.0 | loss: 4.8699 Ac:  50.00 P:  32.3 R:  39.6 F1:  35.0 | time: 0.0175s
                                                                  | loss: 5.1353 Ac:  50.00 P:  18.8 R:  37.5 F1:  25.0 | time: 0.0066s
Epoch: 0168 | loss: 0.0117 Ac: 100.00 P:  75.0 R:  75.0 F1:  75.0 | loss: 4.8924 Ac:  50.00 P:  32.3 R:  39.6 F1:  35.0 | time: 0.0171s
                                                                  | loss: 5.1777 Ac:  50.00 P:  18.8 R:  37.5 F1:  25.0 | time: 0.0062s
Epoch: 0169 | loss: 0.0014 Ac: 100.00 P:  75.0 R:  75.0 F1:  75.0 | loss: 4.9129 Ac:  50.00 P:  32.3 R:  39.6 F1:  35.0 | time: 0.0169s
                                                                  | loss: 5.2164 Ac:  50.00 P:  18.8 R:  37.5 F1:  25.0 | time: 0.0061s
Epoch: 0170 | loss: 0.0046 Ac: 100.00 P:  75.0 R:  75.0 F1:  75.0 | loss: 4.9316 Ac:  50.00 P:  32.3 R:  39.6 F1:  35.0 | time: 0.0173s
                                                                  | loss: 5.2524 Ac:  50.00 P:  18.8 R:  37.5 F1:  25.0 | time: 0.0061s
Epoch: 0171 | loss: 0.0090 Ac: 100.00 P:  75.0 R:  75.0 F1:  75.0 | loss: 4.9512 Ac:  50.00 P:  32.3 R:  39.6 F1:  35.0 | time: 0.0176s
                                                                  | loss: 5.2862 Ac:  50.00 P:  18.8 R:  37.5 F1:  25.0 | time: 0.0065s
Epoch: 0172 | loss: 0.0122 Ac: 100.00 P:  75.0 R:  75.0 F1:  75.0 | loss: 4.9706 Ac:  50.00 P:  32.3 R:  39.6 F1:  35.0 | time: 0.0183s
                                                                  | loss: 5.3246 Ac:  50.00 P:  18.8 R:  37.5 F1:  25.0 | time: 0.0067s
Epoch: 0173 | loss: 0.0068 Ac: 100.00 P:  75.0 R:  75.0 F1:  75.0 | loss: 4.9896 Ac:  50.00 P:  32.3 R:  39.6 F1:  35.0 | time: 0.0177s
                                                                  | loss: 5.3591 Ac:  50.00 P:  18.8 R:  37.5 F1:  25.0 | time: 0.0069s
Epoch: 0174 | loss: 0.0020 Ac: 100.00 P:  75.0 R:  75.0 F1:  75.0 | loss: 5.0071 Ac:  50.00 P:  32.3 R:  39.6 F1:  35.0 | time: 0.0192s
                                                                  | loss: 5.3903 Ac:  50.00 P:  18.8 R:  37.5 F1:  25.0 | time: 0.0064s
Epoch: 0175 | loss: 0.0021 Ac: 100.00 P:  75.0 R:  75.0 F1:  75.0 | loss: 5.0215 Ac:  50.00 P:  32.3 R:  39.6 F1:  35.0 | time: 0.0189s
                                                                  | loss: 5.4174 Ac:  50.00 P:  18.8 R:  37.5 F1:  25.0 | time: 0.0075s
Epoch: 0176 | loss: 0.0086 Ac: 100.00 P:  75.0 R:  75.0 F1:  75.0 | loss: 5.0283 Ac:  50.00 P:  32.3 R:  39.6 F1:  35.0 | time: 0.0177s
                                                                  | loss: 5.4374 Ac:  50.00 P:  18.8 R:  37.5 F1:  25.0 | time: 0.0071s
Epoch: 0177 | loss: 0.0007 Ac: 100.00 P:  75.0 R:  75.0 F1:  75.0 | loss: 5.0339 Ac:  50.00 P:  32.3 R:  39.6 F1:  35.0 | time: 0.0181s
                                                                  | loss: 5.4552 Ac:  50.00 P:  18.8 R:  37.5 F1:  25.0 | time: 0.0063s
Epoch: 0178 | loss: 0.0008 Ac: 100.00 P:  75.0 R:  75.0 F1:  75.0 | loss: 5.0395 Ac:  50.00 P:  32.3 R:  39.6 F1:  35.0 | time: 0.0188s
                                                                  | loss: 5.4716 Ac:  50.00 P:  18.8 R:  37.5 F1:  25.0 | time: 0.0061s
Epoch: 0179 | loss: 0.0021 Ac: 100.00 P:  75.0 R:  75.0 F1:  75.0 | loss: 5.0460 Ac:  50.00 P:  32.3 R:  39.6 F1:  35.0 | time: 0.0181s
                                                                  | loss: 5.4870 Ac:  50.00 P:  18.8 R:  37.5 F1:  25.0 | time: 0.0075s
Epoch: 0180 | loss: 0.0034 Ac: 100.00 P:  75.0 R:  75.0 F1:  75.0 | loss: 5.0539 Ac:  50.00 P:  32.3 R:  39.6 F1:  35.0 | time: 0.0179s
                                                                  | loss: 5.5024 Ac:  50.00 P:  18.8 R:  37.5 F1:  25.0 | time: 0.0067s
Epoch: 0181 | loss: 0.0095 Ac: 100.00 P:  75.0 R:  75.0 F1:  75.0 | loss: 5.0617 Ac:  50.00 P:  32.3 R:  39.6 F1:  35.0 | time: 0.0186s
                                                                  | loss: 5.5177 Ac:  50.00 P:  18.8 R:  37.5 F1:  25.0 | time: 0.0065s
Epoch: 0182 | loss: 0.0018 Ac: 100.00 P:  75.0 R:  75.0 F1:  75.0 | loss: 5.0693 Ac:  50.00 P:  32.3 R:  39.6 F1:  35.0 | time: 0.0197s
                                                                  | loss: 5.5321 Ac:  50.00 P:  18.8 R:  37.5 F1:  25.0 | time: 0.0072s
Epoch: 0183 | loss: 0.0032 Ac: 100.00 P:  75.0 R:  75.0 F1:  75.0 | loss: 5.0769 Ac:  50.00 P:  32.3 R:  39.6 F1:  35.0 | time: 0.0193s
                                                                  | loss: 5.5459 Ac:  50.00 P:  18.8 R:  37.5 F1:  25.0 | time: 0.0074s
Epoch: 0184 | loss: 0.0106 Ac: 100.00 P:  75.0 R:  75.0 F1:  75.0 | loss: 5.0762 Ac:  50.00 P:  32.3 R:  39.6 F1:  35.0 | time: 0.0187s
                                                                  | loss: 5.5586 Ac:  50.00 P:  18.8 R:  37.5 F1:  25.0 | time: 0.0064s
Epoch: 0185 | loss: 0.0024 Ac: 100.00 P:  75.0 R:  75.0 F1:  75.0 | loss: 5.0746 Ac:  50.00 P:  32.3 R:  39.6 F1:  35.0 | time: 0.0189s
                                                                  | loss: 5.5699 Ac:  50.00 P:  18.8 R:  37.5 F1:  25.0 | time: 0.0064s
Epoch: 0186 | loss: 0.0041 Ac: 100.00 P:  75.0 R:  75.0 F1:  75.0 | loss: 5.0737 Ac:  50.00 P:  32.3 R:  39.6 F1:  35.0 | time: 0.0189s
                                                                  | loss: 5.5821 Ac:  50.00 P:  18.8 R:  37.5 F1:  25.0 | time: 0.0066s
Epoch: 0187 | loss: 0.0019 Ac: 100.00 P:  75.0 R:  75.0 F1:  75.0 | loss: 5.0715 Ac:  50.00 P:  32.3 R:  39.6 F1:  35.0 | time: 0.0175s
                                                                  | loss: 5.5917 Ac:  50.00 P:  18.8 R:  37.5 F1:  25.0 | time: 0.0062s
Epoch: 0188 | loss: 0.0098 Ac: 100.00 P:  75.0 R:  75.0 F1:  75.0 | loss: 5.0576 Ac:  50.00 P:  32.3 R:  39.6 F1:  35.0 | time: 0.0176s
                                                                  | loss: 5.6045 Ac:  50.00 P:  18.8 R:  37.5 F1:  25.0 | time: 0.0064s
Epoch: 0189 | loss: 0.0007 Ac: 100.00 P:  75.0 R:  75.0 F1:  75.0 | loss: 5.0436 Ac:  50.00 P:  32.3 R:  39.6 F1:  35.0 | time: 0.0174s
                                                                  | loss: 5.6159 Ac:  50.00 P:  18.8 R:  37.5 F1:  25.0 | time: 0.0070s
Epoch: 0190 | loss: 0.0021 Ac: 100.00 P:  75.0 R:  75.0 F1:  75.0 | loss: 5.0297 Ac:  50.00 P:  32.3 R:  39.6 F1:  35.0 | time: 0.0188s
                                                                  | loss: 5.6255 Ac:  50.00 P:  18.8 R:  37.5 F1:  25.0 | time: 0.0064s
Epoch: 0191 | loss: 0.0018 Ac: 100.00 P:  75.0 R:  75.0 F1:  75.0 | loss: 5.0167 Ac:  50.00 P:  32.3 R:  39.6 F1:  35.0 | time: 0.0172s
                                                                  | loss: 5.6347 Ac:  50.00 P:  18.8 R:  37.5 F1:  25.0 | time: 0.0063s
Epoch: 0192 | loss: 0.0037 Ac: 100.00 P:  75.0 R:  75.0 F1:  75.0 | loss: 5.0042 Ac:  50.00 P:  32.3 R:  39.6 F1:  35.0 | time: 0.0172s
                                                                  | loss: 5.6439 Ac:  50.00 P:  18.8 R:  37.5 F1:  25.0 | time: 0.0063s
Epoch: 0193 | loss: 0.0487 Ac:  93.75 P:  70.8 R:  70.8 F1:  70.0 | loss: 4.9908 Ac:  50.00 P:  32.3 R:  39.6 F1:  35.0 | time: 0.0216s
                                                                  | loss: 5.6042 Ac:  50.00 P:  18.8 R:  37.5 F1:  25.0 | time: 0.0061s
Epoch: 0194 | loss: 0.0019 Ac: 100.00 P:  75.0 R:  75.0 F1:  75.0 | loss: 4.9776 Ac:  50.00 P:  32.3 R:  39.6 F1:  35.0 | time: 0.0170s
                                                                  | loss: 5.5683 Ac:  50.00 P:  18.8 R:  37.5 F1:  25.0 | time: 0.0062s
Epoch: 0195 | loss: 0.0297 Ac: 100.00 P:  75.0 R:  75.0 F1:  75.0 | loss: 4.9383 Ac:  50.00 P:  32.3 R:  39.6 F1:  35.0 | time: 0.0171s
                                                                  | loss: 5.5084 Ac:  50.00 P:  18.8 R:  37.5 F1:  25.0 | time: 0.0063s
Epoch: 0196 | loss: 0.0067 Ac: 100.00 P:  75.0 R:  75.0 F1:  75.0 | loss: 4.9073 Ac:  50.00 P:  32.3 R:  39.6 F1:  35.0 | time: 0.0171s
                                                                  | loss: 5.4587 Ac:  50.00 P:  18.8 R:  37.5 F1:  25.0 | time: 0.0062s
Epoch: 0197 | loss: 0.0021 Ac: 100.00 P:  75.0 R:  75.0 F1:  75.0 | loss: 4.8841 Ac:  50.00 P:  32.3 R:  39.6 F1:  35.4 | time: 0.0169s
                                                                  | loss: 5.4165 Ac:  50.00 P:  18.8 R:  37.5 F1:  25.0 | time: 0.0062s
Epoch: 0198 | loss: 0.0023 Ac: 100.00 P:  75.0 R:  75.0 F1:  75.0 | loss: 4.8666 Ac:  50.00 P:  33.3 R:  39.6 F1:  35.7 | time: 0.0211s
                                                                  | loss: 5.3814 Ac:  50.00 P:  18.8 R:  37.5 F1:  25.0 | time: 0.0062s
Epoch: 0199 | loss: 0.0011 Ac: 100.00 P:  75.0 R:  75.0 F1:  75.0 | loss: 4.8532 Ac:  50.00 P:  33.3 R:  39.6 F1:  35.7 | time: 0.0260s
                                                                  | loss: 5.3529 Ac:  50.00 P:  18.8 R:  37.5 F1:  25.0 | time: 0.0062s
Epoch: 0200 | loss: 0.0195 Ac: 100.00 P:  75.0 R:  75.0 F1:  75.0 | loss: 4.8426 Ac:  50.00 P:  33.3 R:  39.6 F1:  35.7 | time: 0.0183s
                                                                  | loss: 5.3325 Ac:  50.00 P:  18.8 R:  37.5 F1:  25.0 | time: 0.0065s
Epoch: 0201 | loss: 0.0009 Ac: 100.00 P:  75.0 R:  75.0 F1:  75.0 | loss: 4.8355 Ac:  50.00 P:  36.9 R:  39.6 F1:  36.8 | time: 0.0176s
                                                                  | loss: 5.3163 Ac:  50.00 P:  22.9 R:  37.5 F1:  27.1 | time: 0.0061s
Epoch: 0202 | loss: 0.0032 Ac: 100.00 P:  75.0 R:  75.0 F1:  75.0 | loss: 4.8310 Ac:  50.00 P:  36.9 R:  39.6 F1:  36.8 | time: 0.0180s
                                                                  | loss: 5.3035 Ac:  50.00 P:  22.9 R:  37.5 F1:  27.1 | time: 0.0064s
Epoch: 0203 | loss: 0.0045 Ac: 100.00 P:  75.0 R:  75.0 F1:  75.0 | loss: 4.8298 Ac:  50.00 P:  36.9 R:  39.6 F1:  36.8 | time: 0.0170s
                                                                  | loss: 5.2978 Ac:  50.00 P:  22.9 R:  37.5 F1:  27.1 | time: 0.0062s
Epoch: 0204 | loss: 0.0048 Ac: 100.00 P:  75.0 R:  75.0 F1:  75.0 | loss: 4.8287 Ac:  50.00 P:  36.9 R:  39.6 F1:  36.8 | time: 0.0169s
                                                                  | loss: 5.2974 Ac:  50.00 P:  22.9 R:  37.5 F1:  27.1 | time: 0.0062s
Epoch: 0205 | loss: 0.0030 Ac: 100.00 P:  75.0 R:  75.0 F1:  75.0 | loss: 4.8286 Ac:  50.00 P:  36.9 R:  39.6 F1:  36.8 | time: 0.0174s
                                                                  | loss: 5.2968 Ac:  50.00 P:  22.9 R:  37.5 F1:  27.1 | time: 0.0065s
Epoch: 0206 | loss: 0.0032 Ac: 100.00 P:  75.0 R:  75.0 F1:  75.0 | loss: 4.8289 Ac:  50.00 P:  36.9 R:  39.6 F1:  36.8 | time: 0.0173s
                                                                  | loss: 5.2971 Ac:  50.00 P:  22.9 R:  37.5 F1:  27.1 | time: 0.0064s
Epoch: 0207 | loss: 0.0105 Ac: 100.00 P:  75.0 R:  75.0 F1:  75.0 | loss: 4.8244 Ac:  50.00 P:  36.9 R:  39.6 F1:  36.8 | time: 0.0176s
                                                                  | loss: 5.3040 Ac:  50.00 P:  22.9 R:  37.5 F1:  27.1 | time: 0.0083s
Epoch: 0208 | loss: 0.0019 Ac: 100.00 P:  75.0 R:  75.0 F1:  75.0 | loss: 4.8201 Ac:  50.00 P:  36.9 R:  39.6 F1:  36.8 | time: 0.0256s
                                                                  | loss: 5.3110 Ac:  50.00 P:  22.9 R:  37.5 F1:  27.1 | time: 0.0065s
Epoch: 0209 | loss: 0.0012 Ac: 100.00 P:  75.0 R:  75.0 F1:  75.0 | loss: 4.8158 Ac:  50.00 P:  36.9 R:  39.6 F1:  36.8 | time: 0.0172s
                                                                  | loss: 5.3167 Ac:  50.00 P:  22.9 R:  37.5 F1:  27.1 | time: 0.0077s
Epoch: 0210 | loss: 0.0056 Ac: 100.00 P:  75.0 R:  75.0 F1:  75.0 | loss: 4.8110 Ac:  50.00 P:  36.9 R:  39.6 F1:  36.8 | time: 0.0169s
                                                                  | loss: 5.3235 Ac:  50.00 P:  22.9 R:  37.5 F1:  27.1 | time: 0.0066s
Epoch: 0211 | loss: 0.0008 Ac: 100.00 P:  75.0 R:  75.0 F1:  75.0 | loss: 4.8062 Ac:  50.00 P:  36.9 R:  39.6 F1:  36.8 | time: 0.0220s
                                                                  | loss: 5.3296 Ac:  50.00 P:  22.9 R:  37.5 F1:  27.1 | time: 0.0062s
Epoch: 0212 | loss: 0.0009 Ac: 100.00 P:  75.0 R:  75.0 F1:  75.0 | loss: 4.8017 Ac:  50.00 P:  36.9 R:  39.6 F1:  36.8 | time: 0.0173s
                                                                  | loss: 5.3352 Ac:  50.00 P:  22.9 R:  37.5 F1:  27.1 | time: 0.0064s
Epoch: 0213 | loss: 0.0022 Ac: 100.00 P:  75.0 R:  75.0 F1:  75.0 | loss: 4.7967 Ac:  50.00 P:  36.9 R:  39.6 F1:  36.8 | time: 0.0266s
                                                                  | loss: 5.3392 Ac:  50.00 P:  22.9 R:  37.5 F1:  27.1 | time: 0.0068s
Epoch: 0214 | loss: 0.0083 Ac: 100.00 P:  75.0 R:  75.0 F1:  75.0 | loss: 4.7904 Ac:  50.00 P:  36.9 R:  39.6 F1:  36.8 | time: 0.0169s
                                                                  | loss: 5.3418 Ac:  50.00 P:  22.9 R:  37.5 F1:  27.1 | time: 0.0061s
Epoch: 0215 | loss: 0.0105 Ac: 100.00 P:  75.0 R:  75.0 F1:  75.0 | loss: 4.7859 Ac:  50.00 P:  36.9 R:  39.6 F1:  36.8 | time: 0.0233s
                                                                  | loss: 5.3476 Ac:  50.00 P:  22.9 R:  37.5 F1:  27.1 | time: 0.0101s
Epoch: 0216 | loss: 0.0051 Ac: 100.00 P:  75.0 R:  75.0 F1:  75.0 | loss: 4.7824 Ac:  50.00 P:  36.9 R:  39.6 F1:  36.8 | time: 0.0254s
                                                                  | loss: 5.3547 Ac:  50.00 P:  22.9 R:  37.5 F1:  27.1 | time: 0.0097s
Epoch: 0217 | loss: 0.0020 Ac: 100.00 P:  75.0 R:  75.0 F1:  75.0 | loss: 4.7809 Ac:  50.00 P:  36.9 R:  39.6 F1:  36.8 | time: 0.0263s
                                                                  | loss: 5.3633 Ac:  50.00 P:  22.9 R:  37.5 F1:  27.1 | time: 0.0105s
Epoch: 0218 | loss: 0.0192 Ac: 100.00 P:  75.0 R:  75.0 F1:  75.0 | loss: 4.7807 Ac:  50.00 P:  36.9 R:  39.6 F1:  36.8 | time: 0.0264s
                                                                  | loss: 5.3722 Ac:  50.00 P:  22.9 R:  37.5 F1:  27.1 | time: 0.0092s
Epoch: 0219 | loss: 0.0025 Ac: 100.00 P:  75.0 R:  75.0 F1:  75.0 | loss: 4.7814 Ac:  50.00 P:  36.9 R:  39.6 F1:  36.8 | time: 0.0204s
                                                                  | loss: 5.3805 Ac:  50.00 P:  22.9 R:  37.5 F1:  27.1 | time: 0.0086s
Epoch: 0220 | loss: 0.0023 Ac: 100.00 P:  75.0 R:  75.0 F1:  75.0 | loss: 4.7827 Ac:  50.00 P:  33.3 R:  39.6 F1:  35.7 | time: 0.0259s
                                                                  | loss: 5.3874 Ac:  50.00 P:  18.8 R:  37.5 F1:  25.0 | time: 0.0066s
Epoch: 0221 | loss: 0.0014 Ac: 100.00 P:  75.0 R:  75.0 F1:  75.0 | loss: 4.7835 Ac:  50.00 P:  33.3 R:  39.6 F1:  35.7 | time: 0.0172s
                                                                  | loss: 5.3946 Ac:  50.00 P:  18.8 R:  37.5 F1:  25.0 | time: 0.0063s
Epoch: 0222 | loss: 0.0027 Ac: 100.00 P:  75.0 R:  75.0 F1:  75.0 | loss: 4.7858 Ac:  50.00 P:  33.3 R:  39.6 F1:  35.7 | time: 0.0168s
                                                                  | loss: 5.4018 Ac:  50.00 P:  18.8 R:  37.5 F1:  25.0 | time: 0.0077s
Epoch: 0223 | loss: 0.0027 Ac: 100.00 P:  75.0 R:  75.0 F1:  75.0 | loss: 4.7888 Ac:  50.00 P:  32.3 R:  39.6 F1:  35.4 | time: 0.0188s
                                                                  | loss: 5.4093 Ac:  50.00 P:  18.8 R:  37.5 F1:  25.0 | time: 0.0062s
Epoch: 0224 | loss: 0.0277 Ac: 100.00 P:  75.0 R:  75.0 F1:  75.0 | loss: 4.7957 Ac:  50.00 P:  32.3 R:  39.6 F1:  35.4 | time: 0.0187s
                                                                  | loss: 5.4266 Ac:  50.00 P:  18.8 R:  37.5 F1:  25.0 | time: 0.0062s
Epoch: 0225 | loss: 0.0092 Ac: 100.00 P:  75.0 R:  75.0 F1:  75.0 | loss: 4.8066 Ac:  50.00 P:  32.3 R:  39.6 F1:  35.4 | time: 0.0184s
                                                                  | loss: 5.4374 Ac:  50.00 P:  18.8 R:  37.5 F1:  25.0 | time: 0.0070s
Epoch: 0226 | loss: 0.0021 Ac: 100.00 P:  75.0 R:  75.0 F1:  75.0 | loss: 4.8159 Ac:  50.00 P:  32.3 R:  39.6 F1:  35.4 | time: 0.0181s
                                                                  | loss: 5.4454 Ac:  50.00 P:  18.8 R:  37.5 F1:  25.0 | time: 0.0073s
Epoch: 0227 | loss: 0.0021 Ac: 100.00 P:  75.0 R:  75.0 F1:  75.0 | loss: 4.8243 Ac:  50.00 P:  32.3 R:  39.6 F1:  35.4 | time: 0.0184s
                                                                  | loss: 5.4531 Ac:  50.00 P:  18.8 R:  37.5 F1:  25.0 | time: 0.0061s
Epoch: 0228 | loss: 0.0500 Ac:  93.75 P:  70.8 R:  68.8 F1:  68.3 | loss: 4.8401 Ac:  50.00 P:  32.3 R:  39.6 F1:  35.4 | time: 0.0185s
                                                                  | loss: 5.4703 Ac:  50.00 P:  18.8 R:  37.5 F1:  25.0 | time: 0.0064s
Epoch: 0229 | loss: 0.0557 Ac:  93.75 P:  70.8 R:  70.8 F1:  70.0 | loss: 4.8638 Ac:  50.00 P:  32.3 R:  39.6 F1:  35.4 | time: 0.0192s
                                                                  | loss: 5.4710 Ac:  50.00 P:  18.8 R:  37.5 F1:  25.0 | time: 0.0074s
Epoch: 0230 | loss: 0.0011 Ac: 100.00 P:  75.0 R:  75.0 F1:  75.0 | loss: 4.8836 Ac:  50.00 P:  34.4 R:  39.6 F1:  36.5 | time: 0.0179s
                                                                  | loss: 5.4704 Ac:  50.00 P:  18.8 R:  37.5 F1:  25.0 | time: 0.0072s
Epoch: 0231 | loss: 0.0014 Ac: 100.00 P:  75.0 R:  75.0 F1:  75.0 | loss: 4.9002 Ac:  50.00 P:  34.4 R:  39.6 F1:  36.5 | time: 0.0188s
                                                                  | loss: 5.4674 Ac:  50.00 P:  18.8 R:  37.5 F1:  25.0 | time: 0.0062s
Epoch: 0232 | loss: 0.0069 Ac: 100.00 P:  75.0 R:  75.0 F1:  75.0 | loss: 4.9125 Ac:  50.00 P:  34.4 R:  39.6 F1:  36.5 | time: 0.0185s
                                                                  | loss: 5.4598 Ac:  50.00 P:  18.8 R:  37.5 F1:  25.0 | time: 0.0066s
Epoch: 0233 | loss: 0.0030 Ac: 100.00 P:  75.0 R:  75.0 F1:  75.0 | loss: 4.9231 Ac:  50.00 P:  34.4 R:  39.6 F1:  36.5 | time: 0.0176s
                                                                  | loss: 5.4523 Ac:  50.00 P:  18.8 R:  37.5 F1:  25.0 | time: 0.0061s
Epoch: 0234 | loss: 0.0008 Ac: 100.00 P:  75.0 R:  75.0 F1:  75.0 | loss: 4.9319 Ac:  50.00 P:  33.3 R:  39.6 F1:  35.7 | time: 0.0170s
                                                                  | loss: 5.4461 Ac:  50.00 P:  18.8 R:  37.5 F1:  25.0 | time: 0.0062s
Epoch: 0235 | loss: 0.0070 Ac: 100.00 P:  75.0 R:  75.0 F1:  75.0 | loss: 4.9418 Ac:  50.00 P:  33.3 R:  39.6 F1:  35.7 | time: 0.0169s
                                                                  | loss: 5.4464 Ac:  50.00 P:  18.8 R:  37.5 F1:  25.0 | time: 0.0061s
Epoch: 0236 | loss: 0.0033 Ac: 100.00 P:  75.0 R:  75.0 F1:  75.0 | loss: 4.9510 Ac:  50.00 P:  34.4 R:  39.6 F1:  36.5 | time: 0.0168s
                                                                  | loss: 5.4470 Ac:  50.00 P:  22.9 R:  37.5 F1:  27.1 | time: 0.0061s
Epoch: 0237 | loss: 0.0062 Ac: 100.00 P:  75.0 R:  75.0 F1:  75.0 | loss: 4.9596 Ac:  50.00 P:  37.5 R:  39.6 F1:  37.4 | time: 0.0172s
                                                                  | loss: 5.4504 Ac:  50.00 P:  22.9 R:  37.5 F1:  27.1 | time: 0.0061s
Epoch: 0238 | loss: 0.0264 Ac: 100.00 P:  75.0 R:  75.0 F1:  75.0 | loss: 4.9648 Ac:  50.00 P:  36.9 R:  39.6 F1:  36.8 | time: 0.0173s
                                                                  | loss: 5.4531 Ac:  50.00 P:  22.9 R:  37.5 F1:  27.1 | time: 0.0063s
Epoch: 0239 | loss: 0.0020 Ac: 100.00 P:  75.0 R:  75.0 F1:  75.0 | loss: 4.9692 Ac:  50.00 P:  36.9 R:  39.6 F1:  36.8 | time: 0.0174s
                                                                  | loss: 5.4552 Ac:  50.00 P:  22.9 R:  37.5 F1:  27.1 | time: 0.0069s
Epoch: 0240 | loss: 0.0042 Ac: 100.00 P:  75.0 R:  75.0 F1:  75.0 | loss: 4.9733 Ac:  50.00 P:  36.9 R:  39.6 F1:  36.8 | time: 0.0193s
                                                                  | loss: 5.4547 Ac:  50.00 P:  22.9 R:  37.5 F1:  27.1 | time: 0.0069s
Epoch: 0241 | loss: 0.0007 Ac: 100.00 P:  75.0 R:  75.0 F1:  75.0 | loss: 4.9772 Ac:  50.00 P:  36.9 R:  39.6 F1:  36.8 | time: 0.0188s
                                                                  | loss: 5.4545 Ac:  50.00 P:  22.9 R:  37.5 F1:  27.1 | time: 0.0062s
Epoch: 0242 | loss: 0.0090 Ac: 100.00 P:  75.0 R:  75.0 F1:  75.0 | loss: 4.9793 Ac:  50.00 P:  36.9 R:  39.6 F1:  36.8 | time: 0.0172s
                                                                  | loss: 5.4521 Ac:  50.00 P:  22.9 R:  37.5 F1:  27.1 | time: 0.0062s
Epoch: 0243 | loss: 0.0085 Ac: 100.00 P:  75.0 R:  75.0 F1:  75.0 | loss: 4.9800 Ac:  50.00 P:  36.9 R:  39.6 F1:  36.8 | time: 0.0172s
                                                                  | loss: 5.4492 Ac:  50.00 P:  22.9 R:  37.5 F1:  27.1 | time: 0.0063s
Epoch: 0244 | loss: 0.0035 Ac: 100.00 P:  75.0 R:  75.0 F1:  75.0 | loss: 4.9805 Ac:  50.00 P:  36.9 R:  39.6 F1:  36.8 | time: 0.0174s
                                                                  | loss: 5.4440 Ac:  50.00 P:  22.9 R:  37.5 F1:  27.1 | time: 0.0062s
Epoch: 0245 | loss: 0.0017 Ac: 100.00 P:  75.0 R:  75.0 F1:  75.0 | loss: 4.9804 Ac:  50.00 P:  36.9 R:  39.6 F1:  36.8 | time: 0.0175s
                                                                  | loss: 5.4383 Ac:  50.00 P:  22.9 R:  37.5 F1:  27.1 | time: 0.0062s
Epoch: 0246 | loss: 0.0029 Ac: 100.00 P:  75.0 R:  75.0 F1:  75.0 | loss: 4.9805 Ac:  50.00 P:  36.9 R:  39.6 F1:  36.8 | time: 0.0175s
                                                                  | loss: 5.4345 Ac:  50.00 P:  22.9 R:  37.5 F1:  27.1 | time: 0.0063s
Epoch: 0247 | loss: 0.0004 Ac: 100.00 P:  75.0 R:  75.0 F1:  75.0 | loss: 4.9806 Ac:  50.00 P:  36.9 R:  39.6 F1:  36.8 | time: 0.0172s
                                                                  | loss: 5.4302 Ac:  50.00 P:  22.9 R:  37.5 F1:  27.1 | time: 0.0062s
Epoch: 0248 | loss: 0.0004 Ac: 100.00 P:  75.0 R:  75.0 F1:  75.0 | loss: 4.9806 Ac:  50.00 P:  36.9 R:  39.6 F1:  36.8 | time: 0.0170s
                                                                  | loss: 5.4252 Ac:  50.00 P:  22.9 R:  37.5 F1:  27.1 | time: 0.0061s
Epoch: 0249 | loss: 0.0019 Ac: 100.00 P:  75.0 R:  75.0 F1:  75.0 | loss: 4.9807 Ac:  50.00 P:  36.9 R:  39.6 F1:  36.8 | time: 0.0170s
                                                                  | loss: 5.4201 Ac:  50.00 P:  22.9 R:  37.5 F1:  27.1 | time: 0.0063s
Epoch: 0250 | loss: 0.0007 Ac: 100.00 P:  75.0 R:  75.0 F1:  75.0 | loss: 4.9809 Ac:  50.00 P:  36.9 R:  39.6 F1:  36.8 | time: 0.0170s
                                                                  | loss: 5.4149 Ac:  50.00 P:  22.9 R:  37.5 F1:  27.1 | time: 0.0061s
Epoch: 0251 | loss: 0.0009 Ac: 100.00 P:  75.0 R:  75.0 F1:  75.0 | loss: 4.9812 Ac:  50.00 P:  33.3 R:  39.6 F1:  35.7 | time: 0.0169s
                                                                  | loss: 5.4096 Ac:  50.00 P:  18.8 R:  37.5 F1:  25.0 | time: 0.0061s
Epoch: 0252 | loss: 0.0053 Ac: 100.00 P:  75.0 R:  75.0 F1:  75.0 | loss: 4.9811 Ac:  50.00 P:  33.3 R:  39.6 F1:  35.7 | time: 0.0169s
                                                                  | loss: 5.4049 Ac:  50.00 P:  18.8 R:  37.5 F1:  25.0 | time: 0.0063s
Epoch: 0253 | loss: 0.0089 Ac: 100.00 P:  75.0 R:  75.0 F1:  75.0 | loss: 4.9805 Ac:  50.00 P:  33.3 R:  39.6 F1:  35.7 | time: 0.0170s
                                                                  | loss: 5.4095 Ac:  50.00 P:  18.8 R:  37.5 F1:  25.0 | time: 0.0061s
Epoch: 0254 | loss: 0.0050 Ac: 100.00 P:  75.0 R:  75.0 F1:  75.0 | loss: 4.9773 Ac:  50.00 P:  32.3 R:  39.6 F1:  35.4 | time: 0.0170s
                                                                  | loss: 5.4161 Ac:  50.00 P:  18.8 R:  37.5 F1:  25.0 | time: 0.0062s
Epoch: 0255 | loss: 0.0010 Ac: 100.00 P:  75.0 R:  75.0 F1:  75.0 | loss: 4.9751 Ac:  50.00 P:  32.3 R:  39.6 F1:  35.4 | time: 0.0169s
                                                                  | loss: 5.4220 Ac:  50.00 P:  18.8 R:  37.5 F1:  25.0 | time: 0.0061s
Epoch: 0256 | loss: 0.0075 Ac: 100.00 P:  75.0 R:  75.0 F1:  75.0 | loss: 4.9693 Ac:  50.00 P:  32.3 R:  39.6 F1:  35.4 | time: 0.0174s
                                                                  | loss: 5.4256 Ac:  50.00 P:  18.8 R:  37.5 F1:  25.0 | time: 0.0064s
Epoch: 0257 | loss: 0.0069 Ac: 100.00 P:  75.0 R:  75.0 F1:  75.0 | loss: 4.9670 Ac:  50.00 P:  32.3 R:  39.6 F1:  35.4 | time: 0.0177s
                                                                  | loss: 5.4564 Ac:  50.00 P:  18.8 R:  37.5 F1:  25.0 | time: 0.0061s
Epoch: 0258 | loss: 0.0039 Ac: 100.00 P:  75.0 R:  75.0 F1:  75.0 | loss: 4.9652 Ac:  50.00 P:  32.3 R:  39.6 F1:  35.4 | time: 0.0172s
                                                                  | loss: 5.4750 Ac:  50.00 P:  18.8 R:  37.5 F1:  25.0 | time: 0.0061s
Epoch: 0259 | loss: 0.0219 Ac: 100.00 P:  75.0 R:  75.0 F1:  75.0 | loss: 4.9595 Ac:  50.00 P:  32.3 R:  39.6 F1:  35.4 | time: 0.0171s
                                                                  | loss: 5.4839 Ac:  50.00 P:  18.8 R:  37.5 F1:  25.0 | time: 0.0065s
Epoch: 0260 | loss: 0.0006 Ac: 100.00 P:  75.0 R:  75.0 F1:  75.0 | loss: 4.9566 Ac:  50.00 P:  32.3 R:  39.6 F1:  35.4 | time: 0.0176s
                                                                  | loss: 5.4926 Ac:  50.00 P:  18.8 R:  37.5 F1:  25.0 | time: 0.0063s
Epoch: 0261 | loss: 0.0010 Ac: 100.00 P:  75.0 R:  75.0 F1:  75.0 | loss: 4.9548 Ac:  50.00 P:  33.1 R:  39.6 F1:  35.7 | time: 0.0175s
                                                                  | loss: 5.5022 Ac:  50.00 P:  18.8 R:  37.5 F1:  25.0 | time: 0.0066s
Epoch: 0262 | loss: 0.0008 Ac: 100.00 P:  75.0 R:  75.0 F1:  75.0 | loss: 4.9542 Ac:  50.00 P:  33.1 R:  39.6 F1:  35.7 | time: 0.0171s
                                                                  | loss: 5.5113 Ac:  50.00 P:  18.8 R:  37.5 F1:  25.0 | time: 0.0061s
Epoch: 0263 | loss: 0.0049 Ac: 100.00 P:  75.0 R:  75.0 F1:  75.0 | loss: 4.9577 Ac:  50.00 P:  33.1 R:  39.6 F1:  35.7 | time: 0.0174s
                                                                  | loss: 5.5239 Ac:  50.00 P:  18.8 R:  37.5 F1:  25.0 | time: 0.0064s
Epoch: 0264 | loss: 0.0004 Ac: 100.00 P:  75.0 R:  75.0 F1:  75.0 | loss: 4.9621 Ac:  50.00 P:  32.3 R:  39.6 F1:  35.0 | time: 0.0171s
                                                                  | loss: 5.5362 Ac:  50.00 P:  18.8 R:  37.5 F1:  25.0 | time: 0.0061s
Epoch: 0265 | loss: 0.0013 Ac: 100.00 P:  75.0 R:  75.0 F1:  75.0 | loss: 4.9678 Ac:  50.00 P:  32.3 R:  39.6 F1:  35.0 | time: 0.0171s
                                                                  | loss: 5.5485 Ac:  50.00 P:  18.8 R:  37.5 F1:  25.0 | time: 0.0061s
Epoch: 0266 | loss: 0.0007 Ac: 100.00 P:  75.0 R:  75.0 F1:  75.0 | loss: 4.9735 Ac:  50.00 P:  32.3 R:  39.6 F1:  35.0 | time: 0.0170s
                                                                  | loss: 5.5602 Ac:  50.00 P:  22.9 R:  37.5 F1:  27.1 | time: 0.0063s
Epoch: 0267 | loss: 0.0123 Ac: 100.00 P:  75.0 R:  75.0 F1:  75.0 | loss: 4.9806 Ac:  50.00 P:  32.3 R:  39.6 F1:  35.0 | time: 0.0170s
                                                                  | loss: 5.5681 Ac:  50.00 P:  22.9 R:  37.5 F1:  27.1 | time: 0.0062s
Epoch: 0268 | loss: 0.0008 Ac: 100.00 P:  75.0 R:  75.0 F1:  75.0 | loss: 4.9880 Ac:  50.00 P:  32.3 R:  39.6 F1:  35.0 | time: 0.0171s
                                                                  | loss: 5.5755 Ac:  50.00 P:  22.9 R:  37.5 F1:  27.1 | time: 0.0066s
Epoch: 0269 | loss: 0.0007 Ac: 100.00 P:  75.0 R:  75.0 F1:  75.0 | loss: 4.9946 Ac:  50.00 P:  32.3 R:  39.6 F1:  35.0 | time: 0.0176s
                                                                  | loss: 5.5821 Ac:  50.00 P:  22.9 R:  37.5 F1:  27.1 | time: 0.0062s
Epoch: 0270 | loss: 0.0022 Ac: 100.00 P:  75.0 R:  75.0 F1:  75.0 | loss: 4.9998 Ac:  50.00 P:  32.3 R:  39.6 F1:  35.0 | time: 0.0170s
                                                                  | loss: 5.5873 Ac:  50.00 P:  22.9 R:  37.5 F1:  27.1 | time: 0.0061s
Epoch: 0271 | loss: 0.0007 Ac: 100.00 P:  75.0 R:  75.0 F1:  75.0 | loss: 5.0050 Ac:  50.00 P:  32.3 R:  39.6 F1:  35.0 | time: 0.0168s
                                                                  | loss: 5.5925 Ac:  50.00 P:  22.9 R:  37.5 F1:  27.1 | time: 0.0062s
Epoch: 0272 | loss: 0.0279 Ac: 100.00 P:  75.0 R:  75.0 F1:  75.0 | loss: 5.0128 Ac:  50.00 P:  32.3 R:  39.6 F1:  35.0 | time: 0.0170s
                                                                  | loss: 5.6059 Ac:  50.00 P:  22.9 R:  37.5 F1:  27.1 | time: 0.0062s
Epoch: 0273 | loss: 0.0010 Ac: 100.00 P:  75.0 R:  75.0 F1:  75.0 | loss: 5.0206 Ac:  50.00 P:  32.3 R:  39.6 F1:  35.0 | time: 0.0170s
                                                                  | loss: 5.6171 Ac:  50.00 P:  22.9 R:  37.5 F1:  27.1 | time: 0.0062s
Epoch: 0274 | loss: 0.0010 Ac: 100.00 P:  75.0 R:  75.0 F1:  75.0 | loss: 5.0273 Ac:  50.00 P:  32.3 R:  39.6 F1:  35.0 | time: 0.0176s
                                                                  | loss: 5.6268 Ac:  50.00 P:  22.9 R:  37.5 F1:  27.1 | time: 0.0061s
Epoch: 0275 | loss: 0.0004 Ac: 100.00 P:  75.0 R:  75.0 F1:  75.0 | loss: 5.0334 Ac:  50.00 P:  32.3 R:  39.6 F1:  35.0 | time: 0.0170s
                                                                  | loss: 5.6359 Ac:  50.00 P:  22.9 R:  37.5 F1:  27.1 | time: 0.0061s
Epoch: 0276 | loss: 0.0051 Ac: 100.00 P:  75.0 R:  75.0 F1:  75.0 | loss: 5.0425 Ac:  50.00 P:  32.3 R:  39.6 F1:  35.0 | time: 0.0170s
                                                                  | loss: 5.6384 Ac:  50.00 P:  22.9 R:  37.5 F1:  27.1 | time: 0.0062s
Epoch: 0277 | loss: 0.0018 Ac: 100.00 P:  75.0 R:  75.0 F1:  75.0 | loss: 5.0507 Ac:  50.00 P:  32.3 R:  39.6 F1:  35.0 | time: 0.0175s
                                                                  | loss: 5.6390 Ac:  50.00 P:  22.9 R:  37.5 F1:  27.1 | time: 0.0062s
Epoch: 0278 | loss: 0.0040 Ac: 100.00 P:  75.0 R:  75.0 F1:  75.0 | loss: 5.0610 Ac:  50.00 P:  32.3 R:  39.6 F1:  35.0 | time: 0.0172s
                                                                  | loss: 5.6383 Ac:  50.00 P:  22.9 R:  37.5 F1:  27.1 | time: 0.0062s
Epoch: 0279 | loss: 0.0007 Ac: 100.00 P:  75.0 R:  75.0 F1:  75.0 | loss: 5.0703 Ac:  50.00 P:  32.3 R:  39.6 F1:  35.0 | time: 0.0170s
                                                                  | loss: 5.6376 Ac:  50.00 P:  22.9 R:  37.5 F1:  27.1 | time: 0.0063s
Epoch: 0280 | loss: 0.0012 Ac: 100.00 P:  75.0 R:  75.0 F1:  75.0 | loss: 5.0766 Ac:  50.00 P:  32.3 R:  39.6 F1:  35.0 | time: 0.0175s
                                                                  | loss: 5.6374 Ac:  50.00 P:  22.9 R:  37.5 F1:  27.1 | time: 0.0063s
Epoch: 0281 | loss: 0.0064 Ac: 100.00 P:  75.0 R:  75.0 F1:  75.0 | loss: 5.0801 Ac:  50.00 P:  32.3 R:  39.6 F1:  35.0 | time: 0.0174s
                                                                  | loss: 5.6306 Ac:  50.00 P:  22.9 R:  37.5 F1:  27.1 | time: 0.0065s
Epoch: 0282 | loss: 0.0006 Ac: 100.00 P:  75.0 R:  75.0 F1:  75.0 | loss: 5.0833 Ac:  50.00 P:  32.3 R:  39.6 F1:  35.0 | time: 0.0171s
                                                                  | loss: 5.6244 Ac:  50.00 P:  22.9 R:  37.5 F1:  27.1 | time: 0.0063s
Epoch: 0283 | loss: 0.0004 Ac: 100.00 P:  75.0 R:  75.0 F1:  75.0 | loss: 5.0862 Ac:  50.00 P:  32.3 R:  39.6 F1:  35.0 | time: 0.0170s
                                                                  | loss: 5.6187 Ac:  50.00 P:  22.9 R:  37.5 F1:  27.1 | time: 0.0063s
Epoch: 0284 | loss: 0.0012 Ac: 100.00 P:  75.0 R:  75.0 F1:  75.0 | loss: 5.0891 Ac:  50.00 P:  32.3 R:  39.6 F1:  35.0 | time: 0.0170s
                                                                  | loss: 5.6132 Ac:  50.00 P:  22.9 R:  37.5 F1:  27.1 | time: 0.0061s
Epoch: 0285 | loss: 0.1773 Ac:  93.75 P:  70.8 R:  70.8 F1:  70.0 | loss: 5.0701 Ac:  50.00 P:  32.3 R:  39.6 F1:  35.0 | time: 0.0169s
                                                                  | loss: 5.5241 Ac:  50.00 P:  22.9 R:  37.5 F1:  27.1 | time: 0.0067s
Epoch: 0286 | loss: 0.0006 Ac: 100.00 P:  75.0 R:  75.0 F1:  75.0 | loss: 5.0513 Ac:  50.00 P:  32.3 R:  39.6 F1:  35.0 | time: 0.0183s
                                                                  | loss: 5.4465 Ac:  50.00 P:  22.9 R:  37.5 F1:  27.1 | time: 0.0063s
Epoch: 0287 | loss: 0.0006 Ac: 100.00 P:  75.0 R:  75.0 F1:  75.0 | loss: 5.0324 Ac:  50.00 P:  32.3 R:  39.6 F1:  35.0 | time: 0.0171s
                                                                  | loss: 5.3792 Ac:  50.00 P:  22.9 R:  37.5 F1:  27.1 | time: 0.0062s
Epoch: 0288 | loss: 0.0003 Ac: 100.00 P:  75.0 R:  75.0 F1:  75.0 | loss: 5.0146 Ac:  50.00 P:  32.3 R:  39.6 F1:  35.0 | time: 0.0169s
                                                                  | loss: 5.3205 Ac:  50.00 P:  22.9 R:  37.5 F1:  27.1 | time: 0.0064s
Epoch: 0289 | loss: 0.0023 Ac: 100.00 P:  75.0 R:  75.0 F1:  75.0 | loss: 4.9995 Ac:  50.00 P:  32.3 R:  39.6 F1:  35.0 | time: 0.0176s
                                                                  | loss: 5.2664 Ac:  50.00 P:  22.9 R:  37.5 F1:  27.1 | time: 0.0061s
Epoch: 0290 | loss: 0.0007 Ac: 100.00 P:  75.0 R:  75.0 F1:  75.0 | loss: 4.9869 Ac:  50.00 P:  32.3 R:  39.6 F1:  35.0 | time: 0.0171s
                                                                  | loss: 5.2179 Ac:  50.00 P:  22.9 R:  37.5 F1:  27.1 | time: 0.0062s
Epoch: 0291 | loss: 0.0023 Ac: 100.00 P:  75.0 R:  75.0 F1:  75.0 | loss: 4.9766 Ac:  50.00 P:  32.3 R:  39.6 F1:  35.0 | time: 0.0171s
                                                                  | loss: 5.1774 Ac:  50.00 P:  22.9 R:  37.5 F1:  27.1 | time: 0.0062s
Epoch: 0292 | loss: 0.0014 Ac: 100.00 P:  75.0 R:  75.0 F1:  75.0 | loss: 4.9677 Ac:  50.00 P:  32.3 R:  39.6 F1:  35.0 | time: 0.0172s
                                                                  | loss: 5.1427 Ac:  50.00 P:  22.9 R:  37.5 F1:  27.1 | time: 0.0063s
Epoch: 0293 | loss: 0.0011 Ac: 100.00 P:  75.0 R:  75.0 F1:  75.0 | loss: 4.9598 Ac:  50.00 P:  32.3 R:  39.6 F1:  35.0 | time: 0.0172s
                                                                  | loss: 5.1122 Ac:  50.00 P:  22.9 R:  37.5 F1:  27.1 | time: 0.0062s
Epoch: 0294 | loss: 0.0010 Ac: 100.00 P:  75.0 R:  75.0 F1:  75.0 | loss: 4.9531 Ac:  50.00 P:  32.3 R:  39.6 F1:  35.0 | time: 0.0173s
                                                                  | loss: 5.0854 Ac:  50.00 P:  22.9 R:  37.5 F1:  27.1 | time: 0.0076s
Epoch: 0295 | loss: 0.0067 Ac: 100.00 P:  75.0 R:  75.0 F1:  75.0 | loss: 4.9429 Ac:  50.00 P:  32.3 R:  39.6 F1:  35.0 | time: 0.0185s
                                                                  | loss: 5.0648 Ac:  50.00 P:  22.9 R:  37.5 F1:  27.1 | time: 0.0061s
Epoch: 0296 | loss: 0.0012 Ac: 100.00 P:  75.0 R:  75.0 F1:  75.0 | loss: 4.9345 Ac:  50.00 P:  32.3 R:  39.6 F1:  35.0 | time: 0.0187s
                                                                  | loss: 5.0470 Ac:  50.00 P:  22.9 R:  37.5 F1:  27.1 | time: 0.0062s
Epoch: 0297 | loss: 0.0020 Ac: 100.00 P:  75.0 R:  75.0 F1:  75.0 | loss: 4.9268 Ac:  50.00 P:  32.3 R:  39.6 F1:  35.0 | time: 0.0187s
                                                                  | loss: 5.0308 Ac:  50.00 P:  22.9 R:  37.5 F1:  27.1 | time: 0.0071s
Epoch: 0298 | loss: 0.0012 Ac: 100.00 P:  75.0 R:  75.0 F1:  75.0 | loss: 4.9191 Ac:  50.00 P:  32.3 R:  39.6 F1:  35.0 | time: 0.0185s
                                                                  | loss: 5.0157 Ac:  50.00 P:  22.9 R:  37.5 F1:  27.1 | time: 0.0071s
Epoch: 0299 | loss: 0.0013 Ac: 100.00 P:  75.0 R:  75.0 F1:  75.0 | loss: 4.9126 Ac:  50.00 P:  32.3 R:  39.6 F1:  35.0 | time: 0.0185s
                                                                  | loss: 5.0039 Ac:  50.00 P:  22.9 R:  37.5 F1:  27.1 | time: 0.0061s
Epoch: 0300 | loss: 0.0008 Ac: 100.00 P:  75.0 R:  75.0 F1:  75.0 | loss: 4.9067 Ac:  50.00 P:  32.3 R:  39.6 F1:  35.0 | time: 0.0186s
                                                                  | loss: 4.9930 Ac:  50.00 P:  22.9 R:  37.5 F1:  27.1 | time: 0.0061s
Optimization Finished!
Total time elapsed: 7.5175s
The best result is: ACC: 50.0000 F1: 0.2798, where epoch is 18




0:	vali:  56.25000	test:  ACC: 50.0000 F1: 0.2798, epoch=18
